{
  "/Users/josh/Desktop/habit-tracker/assets/icons/cog.png": {
    "path": "/Users/josh/Desktop/habit-tracker/assets/icons/cog.png",
    "statementMap": {
      "0": {
        "start": { "line": 1, "column": 0 },
        "end": { "line": 4, "column": 6 }
      }
    },
    "fnMap": {},
    "branchMap": {},
    "s": { "0": 1 },
    "f": {},
    "b": {},
    "_coverageSchema": "1a1c01bbd47fc00a2c39e90264f33305004495a9",
    "hash": "ff66bd9f8371034812accb4d72a76c99202abd8c"
  },
  "/Users/josh/Desktop/habit-tracker/assets/icons/edit.png": {
    "path": "/Users/josh/Desktop/habit-tracker/assets/icons/edit.png",
    "statementMap": {
      "0": {
        "start": { "line": 1, "column": 0 },
        "end": { "line": 4, "column": 6 }
      }
    },
    "fnMap": {},
    "branchMap": {},
    "s": { "0": 1 },
    "f": {},
    "b": {},
    "_coverageSchema": "1a1c01bbd47fc00a2c39e90264f33305004495a9",
    "hash": "e98dc2934fd24a29cef9972abc2c90dbcbd71ceb"
  },
  "/Users/josh/Desktop/habit-tracker/assets/icons/share-profile.png": {
    "path": "/Users/josh/Desktop/habit-tracker/assets/icons/share-profile.png",
    "statementMap": {
      "0": {
        "start": { "line": 1, "column": 0 },
        "end": { "line": 4, "column": 6 }
      }
    },
    "fnMap": {},
    "branchMap": {},
    "s": { "0": 1 },
    "f": {},
    "b": {},
    "_coverageSchema": "1a1c01bbd47fc00a2c39e90264f33305004495a9",
    "hash": "23ca10e33c40bf2a3d2927b7be1418cb1f6c396e"
  },
  "/Users/josh/Desktop/habit-tracker/assets/images/no-profile.png": {
    "path": "/Users/josh/Desktop/habit-tracker/assets/images/no-profile.png",
    "statementMap": {
      "0": {
        "start": { "line": 1, "column": 0 },
        "end": { "line": 4, "column": 6 }
      }
    },
    "fnMap": {},
    "branchMap": {},
    "s": { "0": 1 },
    "f": {},
    "b": {},
    "_coverageSchema": "1a1c01bbd47fc00a2c39e90264f33305004495a9",
    "hash": "b623009d60f772be41e3af8dd8bd0d14bc39a5cc"
  },
  "/Users/josh/Desktop/habit-tracker/assets/styles/Colors.js": {
    "path": "/Users/josh/Desktop/habit-tracker/assets/styles/Colors.js",
    "statementMap": {},
    "fnMap": {},
    "branchMap": {},
    "s": {},
    "f": {},
    "b": {},
    "_coverageSchema": "1a1c01bbd47fc00a2c39e90264f33305004495a9",
    "hash": "8051a0c5dbcf47e0528be251ba4e2f062417c915"
  },
  "/Users/josh/Desktop/habit-tracker/assets/styles/Default.js": {
    "path": "/Users/josh/Desktop/habit-tracker/assets/styles/Default.js",
    "statementMap": {},
    "fnMap": {},
    "branchMap": {},
    "s": {},
    "f": {},
    "b": {},
    "_coverageSchema": "1a1c01bbd47fc00a2c39e90264f33305004495a9",
    "hash": "610f2ed2c5301961ae8133ab1ba6fe151356aebf"
  },
  "/Users/josh/Desktop/habit-tracker/src/components/CardPost.js": {
    "path": "/Users/josh/Desktop/habit-tracker/src/components/CardPost.js",
    "statementMap": {
      "0": {
        "start": { "line": 19, "column": 17 },
        "end": { "line": 208, "column": 1 }
      },
      "1": {
        "start": { "line": 20, "column": 58 },
        "end": { "line": 20, "column": 73 }
      },
      "2": {
        "start": { "line": 21, "column": 46 },
        "end": { "line": 21, "column": 61 }
      },
      "3": {
        "start": { "line": 22, "column": 48 },
        "end": { "line": 22, "column": 63 }
      },
      "4": {
        "start": { "line": 23, "column": 15 },
        "end": { "line": 23, "column": 46 }
      },
      "5": {
        "start": { "line": 23, "column": 41 },
        "end": { "line": 23, "column": 45 }
      },
      "6": {
        "start": { "line": 24, "column": 33 },
        "end": { "line": 24, "column": 62 }
      },
      "7": {
        "start": { "line": 26, "column": 2 },
        "end": { "line": 31, "column": 46 }
      },
      "8": {
        "start": { "line": 27, "column": 4 },
        "end": { "line": 30, "column": 5 }
      },
      "9": {
        "start": { "line": 28, "column": 6 },
        "end": { "line": 28, "column": 56 }
      },
      "10": {
        "start": { "line": 29, "column": 6 },
        "end": { "line": 29, "column": 54 }
      },
      "11": {
        "start": { "line": 33, "column": 19 },
        "end": { "line": 49, "column": 3 }
      },
      "12": {
        "start": { "line": 34, "column": 4 },
        "end": { "line": 40, "column": 5 }
      },
      "13": {
        "start": { "line": 35, "column": 6 },
        "end": { "line": 38, "column": 9 }
      },
      "14": {
        "start": { "line": 39, "column": 6 },
        "end": { "line": 39, "column": 13 }
      },
      "15": {
        "start": { "line": 42, "column": 4 },
        "end": { "line": 48, "column": 7 }
      },
      "16": {
        "start": { "line": 51, "column": 24 },
        "end": { "line": 98, "column": 3 }
      },
      "17": {
        "start": { "line": 52, "column": 4 },
        "end": { "line": 97, "column": 21 }
      },
      "18": {
        "start": { "line": 100, "column": 28 },
        "end": { "line": 112, "column": 3 }
      },
      "19": {
        "start": { "line": 101, "column": 4 },
        "end": { "line": 111, "column": 21 }
      },
      "20": {
        "start": { "line": 114, "column": 28 },
        "end": { "line": 161, "column": 3 }
      },
      "21": {
        "start": { "line": 115, "column": 4 },
        "end": { "line": 160, "column": 21 }
      },
      "22": {
        "start": { "line": 163, "column": 22 },
        "end": { "line": 170, "column": 3 }
      },
      "23": {
        "start": { "line": 164, "column": 4 },
        "end": { "line": 169, "column": 5 }
      },
      "24": {
        "start": { "line": 165, "column": 6 },
        "end": { "line": 165, "column": 35 }
      },
      "25": {
        "start": { "line": 166, "column": 6 },
        "end": { "line": 166, "column": 52 }
      },
      "26": {
        "start": { "line": 168, "column": 6 },
        "end": { "line": 168, "column": 72 }
      },
      "27": {
        "start": { "line": 172, "column": 25 },
        "end": { "line": 174, "column": 3 }
      },
      "28": {
        "start": { "line": 173, "column": 4 },
        "end": { "line": 173, "column": 68 }
      },
      "29": {
        "start": { "line": 176, "column": 22 },
        "end": { "line": 183, "column": 3 }
      },
      "30": {
        "start": { "line": 177, "column": 4 },
        "end": { "line": 182, "column": 5 }
      },
      "31": {
        "start": { "line": 178, "column": 6 },
        "end": { "line": 178, "column": 35 }
      },
      "32": {
        "start": { "line": 179, "column": 6 },
        "end": { "line": 179, "column": 52 }
      },
      "33": {
        "start": { "line": 181, "column": 6 },
        "end": { "line": 181, "column": 72 }
      },
      "34": {
        "start": { "line": 185, "column": 29 },
        "end": { "line": 192, "column": 3 }
      },
      "35": {
        "start": { "line": 186, "column": 4 },
        "end": { "line": 190, "column": 5 }
      },
      "36": {
        "start": { "line": 187, "column": 6 },
        "end": { "line": 187, "column": 49 }
      },
      "37": {
        "start": { "line": 188, "column": 6 },
        "end": { "line": 188, "column": 53 }
      },
      "38": {
        "start": { "line": 189, "column": 6 },
        "end": { "line": 189, "column": 13 }
      },
      "39": {
        "start": { "line": 191, "column": 4 },
        "end": { "line": 191, "column": 18 }
      },
      "40": {
        "start": { "line": 194, "column": 22 },
        "end": { "line": 196, "column": 3 }
      },
      "41": {
        "start": { "line": 195, "column": 4 },
        "end": { "line": 195, "column": 71 }
      },
      "42": {
        "start": { "line": 198, "column": 2 },
        "end": { "line": 207, "column": 4 }
      },
      "43": {
        "start": { "line": 210, "column": 15 },
        "end": { "line": 287, "column": 2 }
      }
    },
    "fnMap": {
      "0": {
        "name": "(anonymous_0)",
        "decl": {
          "start": { "line": 19, "column": 17 },
          "end": { "line": 19, "column": 18 }
        },
        "loc": {
          "start": { "line": 19, "column": 26 },
          "end": { "line": 208, "column": 1 }
        },
        "line": 19
      },
      "1": {
        "name": "(anonymous_1)",
        "decl": {
          "start": { "line": 23, "column": 27 },
          "end": { "line": 23, "column": 28 }
        },
        "loc": {
          "start": { "line": 23, "column": 41 },
          "end": { "line": 23, "column": 45 }
        },
        "line": 23
      },
      "2": {
        "name": "(anonymous_2)",
        "decl": {
          "start": { "line": 26, "column": 12 },
          "end": { "line": 26, "column": 13 }
        },
        "loc": {
          "start": { "line": 26, "column": 18 },
          "end": { "line": 31, "column": 3 }
        },
        "line": 26
      },
      "3": {
        "name": "(anonymous_3)",
        "decl": {
          "start": { "line": 33, "column": 19 },
          "end": { "line": 33, "column": 20 }
        },
        "loc": {
          "start": { "line": 33, "column": 25 },
          "end": { "line": 49, "column": 3 }
        },
        "line": 33
      },
      "4": {
        "name": "(anonymous_4)",
        "decl": {
          "start": { "line": 51, "column": 24 },
          "end": { "line": 51, "column": 25 }
        },
        "loc": {
          "start": { "line": 52, "column": 4 },
          "end": { "line": 97, "column": 21 }
        },
        "line": 52
      },
      "5": {
        "name": "(anonymous_5)",
        "decl": {
          "start": { "line": 100, "column": 28 },
          "end": { "line": 100, "column": 29 }
        },
        "loc": {
          "start": { "line": 101, "column": 4 },
          "end": { "line": 111, "column": 21 }
        },
        "line": 101
      },
      "6": {
        "name": "(anonymous_6)",
        "decl": {
          "start": { "line": 114, "column": 28 },
          "end": { "line": 114, "column": 29 }
        },
        "loc": {
          "start": { "line": 115, "column": 4 },
          "end": { "line": 160, "column": 21 }
        },
        "line": 115
      },
      "7": {
        "name": "(anonymous_7)",
        "decl": {
          "start": { "line": 163, "column": 22 },
          "end": { "line": 163, "column": 23 }
        },
        "loc": {
          "start": { "line": 163, "column": 34 },
          "end": { "line": 170, "column": 3 }
        },
        "line": 163
      },
      "8": {
        "name": "(anonymous_8)",
        "decl": {
          "start": { "line": 172, "column": 25 },
          "end": { "line": 172, "column": 26 }
        },
        "loc": {
          "start": { "line": 172, "column": 31 },
          "end": { "line": 174, "column": 3 }
        },
        "line": 172
      },
      "9": {
        "name": "(anonymous_9)",
        "decl": {
          "start": { "line": 176, "column": 22 },
          "end": { "line": 176, "column": 23 }
        },
        "loc": {
          "start": { "line": 176, "column": 34 },
          "end": { "line": 183, "column": 3 }
        },
        "line": 176
      },
      "10": {
        "name": "(anonymous_10)",
        "decl": {
          "start": { "line": 185, "column": 29 },
          "end": { "line": 185, "column": 30 }
        },
        "loc": {
          "start": { "line": 185, "column": 35 },
          "end": { "line": 192, "column": 3 }
        },
        "line": 185
      },
      "11": {
        "name": "(anonymous_11)",
        "decl": {
          "start": { "line": 194, "column": 22 },
          "end": { "line": 194, "column": 23 }
        },
        "loc": {
          "start": { "line": 194, "column": 28 },
          "end": { "line": 196, "column": 3 }
        },
        "line": 194
      }
    },
    "branchMap": {
      "0": {
        "loc": {
          "start": { "line": 27, "column": 4 },
          "end": { "line": 30, "column": 5 }
        },
        "type": "if",
        "locations": [
          {
            "start": { "line": 27, "column": 4 },
            "end": { "line": 30, "column": 5 }
          },
          { "start": {}, "end": {} }
        ],
        "line": 27
      },
      "1": {
        "loc": {
          "start": { "line": 27, "column": 8 },
          "end": { "line": 27, "column": 48 }
        },
        "type": "binary-expr",
        "locations": [
          {
            "start": { "line": 27, "column": 8 },
            "end": { "line": 27, "column": 29 }
          },
          {
            "start": { "line": 27, "column": 33 },
            "end": { "line": 27, "column": 48 }
          }
        ],
        "line": 27
      },
      "2": {
        "loc": {
          "start": { "line": 34, "column": 4 },
          "end": { "line": 40, "column": 5 }
        },
        "type": "if",
        "locations": [
          {
            "start": { "line": 34, "column": 4 },
            "end": { "line": 40, "column": 5 }
          },
          { "start": {}, "end": {} }
        ],
        "line": 34
      },
      "3": {
        "loc": {
          "start": { "line": 59, "column": 11 },
          "end": { "line": 69, "column": 11 }
        },
        "type": "cond-expr",
        "locations": [
          {
            "start": { "line": 60, "column": 12 },
            "end": { "line": 63, "column": 14 }
          },
          {
            "start": { "line": 65, "column": 12 },
            "end": { "line": 68, "column": 14 }
          }
        ],
        "line": 59
      },
      "4": {
        "loc": {
          "start": { "line": 76, "column": 27 },
          "end": { "line": 76, "column": 58 }
        },
        "type": "cond-expr",
        "locations": [
          {
            "start": { "line": 76, "column": 52 },
            "end": { "line": 76, "column": 53 }
          },
          {
            "start": { "line": 76, "column": 56 },
            "end": { "line": 76, "column": 58 }
          }
        ],
        "line": 76
      },
      "5": {
        "loc": {
          "start": { "line": 79, "column": 15 },
          "end": { "line": 79, "column": 53 }
        },
        "type": "binary-expr",
        "locations": [
          {
            "start": { "line": 79, "column": 15 },
            "end": { "line": 79, "column": 35 }
          },
          {
            "start": { "line": 79, "column": 39 },
            "end": { "line": 79, "column": 53 }
          }
        ],
        "line": 79
      },
      "6": {
        "loc": {
          "start": { "line": 82, "column": 15 },
          "end": { "line": 84, "column": 39 }
        },
        "type": "cond-expr",
        "locations": [
          {
            "start": { "line": 83, "column": 18 },
            "end": { "line": 83, "column": 77 }
          },
          {
            "start": { "line": 84, "column": 18 },
            "end": { "line": 84, "column": 39 }
          }
        ],
        "line": 82
      },
      "7": {
        "loc": {
          "start": { "line": 87, "column": 11 },
          "end": { "line": 94, "column": 18 }
        },
        "type": "cond-expr",
        "locations": [
          {
            "start": { "line": 88, "column": 12 },
            "end": { "line": 93, "column": 31 }
          },
          {
            "start": { "line": 94, "column": 14 },
            "end": { "line": 94, "column": 18 }
          }
        ],
        "line": 87
      },
      "8": {
        "loc": {
          "start": { "line": 128, "column": 14 },
          "end": { "line": 130, "column": 57 }
        },
        "type": "cond-expr",
        "locations": [
          {
            "start": { "line": 129, "column": 18 },
            "end": { "line": 129, "column": 62 }
          },
          {
            "start": { "line": 130, "column": 18 },
            "end": { "line": 130, "column": 57 }
          }
        ],
        "line": 128
      },
      "9": {
        "loc": {
          "start": { "line": 135, "column": 13 },
          "end": { "line": 135, "column": 75 }
        },
        "type": "cond-expr",
        "locations": [
          {
            "start": { "line": 135, "column": 44 },
            "end": { "line": 135, "column": 68 }
          },
          {
            "start": { "line": 135, "column": 71 },
            "end": { "line": 135, "column": 75 }
          }
        ],
        "line": 135
      },
      "10": {
        "loc": {
          "start": { "line": 144, "column": 13 },
          "end": { "line": 146, "column": 20 }
        },
        "type": "cond-expr",
        "locations": [
          {
            "start": { "line": 145, "column": 16 },
            "end": { "line": 145, "column": 43 }
          },
          {
            "start": { "line": 146, "column": 16 },
            "end": { "line": 146, "column": 20 }
          }
        ],
        "line": 144
      },
      "11": {
        "loc": {
          "start": { "line": 152, "column": 14 },
          "end": { "line": 154, "column": 60 }
        },
        "type": "cond-expr",
        "locations": [
          {
            "start": { "line": 153, "column": 18 },
            "end": { "line": 153, "column": 69 }
          },
          {
            "start": { "line": 154, "column": 18 },
            "end": { "line": 154, "column": 60 }
          }
        ],
        "line": 152
      },
      "12": {
        "loc": {
          "start": { "line": 186, "column": 4 },
          "end": { "line": 190, "column": 5 }
        },
        "type": "if",
        "locations": [
          {
            "start": { "line": 186, "column": 4 },
            "end": { "line": 190, "column": 5 }
          },
          { "start": {}, "end": {} }
        ],
        "line": 186
      }
    },
    "s": {
      "0": 1,
      "1": 0,
      "2": 0,
      "3": 0,
      "4": 0,
      "5": 0,
      "6": 0,
      "7": 0,
      "8": 0,
      "9": 0,
      "10": 0,
      "11": 0,
      "12": 0,
      "13": 0,
      "14": 0,
      "15": 0,
      "16": 0,
      "17": 0,
      "18": 0,
      "19": 0,
      "20": 0,
      "21": 0,
      "22": 0,
      "23": 0,
      "24": 0,
      "25": 0,
      "26": 0,
      "27": 0,
      "28": 0,
      "29": 0,
      "30": 0,
      "31": 0,
      "32": 0,
      "33": 0,
      "34": 0,
      "35": 0,
      "36": 0,
      "37": 0,
      "38": 0,
      "39": 0,
      "40": 0,
      "41": 0,
      "42": 0,
      "43": 1
    },
    "f": {
      "0": 0,
      "1": 0,
      "2": 0,
      "3": 0,
      "4": 0,
      "5": 0,
      "6": 0,
      "7": 0,
      "8": 0,
      "9": 0,
      "10": 0,
      "11": 0
    },
    "b": {
      "0": [0, 0],
      "1": [0, 0],
      "2": [0, 0],
      "3": [0, 0],
      "4": [0, 0],
      "5": [0, 0],
      "6": [0, 0],
      "7": [0, 0],
      "8": [0, 0],
      "9": [0, 0],
      "10": [0, 0],
      "11": [0, 0],
      "12": [0, 0]
    },
    "_coverageSchema": "1a1c01bbd47fc00a2c39e90264f33305004495a9",
    "hash": "c1c011f2c8ecaaac8fa0067a5c268a66ef6746d0"
  },
  "/Users/josh/Desktop/habit-tracker/src/components/Fetching.js": {
    "path": "/Users/josh/Desktop/habit-tracker/src/components/Fetching.js",
    "statementMap": {
      "0": {
        "start": { "line": 5, "column": 17 },
        "end": { "line": 17, "column": 1 }
      },
      "1": {
        "start": { "line": 6, "column": 2 },
        "end": { "line": 16, "column": 4 }
      },
      "2": {
        "start": { "line": 19, "column": 15 },
        "end": { "line": 29, "column": 2 }
      }
    },
    "fnMap": {
      "0": {
        "name": "(anonymous_0)",
        "decl": {
          "start": { "line": 5, "column": 17 },
          "end": { "line": 5, "column": 18 }
        },
        "loc": {
          "start": { "line": 5, "column": 28 },
          "end": { "line": 17, "column": 1 }
        },
        "line": 5
      }
    },
    "branchMap": {
      "0": {
        "loc": {
          "start": { "line": 8, "column": 7 },
          "end": { "line": 14, "column": 7 }
        },
        "type": "cond-expr",
        "locations": [
          {
            "start": { "line": 9, "column": 8 },
            "end": { "line": 11, "column": 15 }
          },
          {
            "start": { "line": 13, "column": 8 },
            "end": { "line": 13, "column": 62 }
          }
        ],
        "line": 8
      }
    },
    "s": { "0": 1, "1": 1, "2": 1 },
    "f": { "0": 1 },
    "b": { "0": [0, 1] },
    "_coverageSchema": "1a1c01bbd47fc00a2c39e90264f33305004495a9",
    "hash": "2c67ba7a0c984fc2c5c5f27a036611568b249a57"
  },
  "/Users/josh/Desktop/habit-tracker/src/components/Header.js": {
    "path": "/Users/josh/Desktop/habit-tracker/src/components/Header.js",
    "statementMap": {
      "0": {
        "start": { "line": 15, "column": 15 },
        "end": { "line": 90, "column": 1 }
      },
      "1": {
        "start": { "line": 16, "column": 15 },
        "end": { "line": 16, "column": 46 }
      },
      "2": {
        "start": { "line": 16, "column": 41 },
        "end": { "line": 16, "column": 45 }
      },
      "3": {
        "start": { "line": 18, "column": 2 },
        "end": { "line": 89, "column": 4 }
      },
      "4": {
        "start": { "line": 28, "column": 25 },
        "end": { "line": 28, "column": 47 }
      },
      "5": {
        "start": { "line": 49, "column": 27 },
        "end": { "line": 49, "column": 49 }
      },
      "6": {
        "start": { "line": 58, "column": 45 },
        "end": { "line": 58, "column": 78 }
      },
      "7": {
        "start": { "line": 65, "column": 45 },
        "end": { "line": 65, "column": 78 }
      },
      "8": {
        "start": { "line": 77, "column": 14 },
        "end": { "line": 80, "column": 16 }
      },
      "9": {
        "start": { "line": 92, "column": 15 },
        "end": { "line": 132, "column": 2 }
      }
    },
    "fnMap": {
      "0": {
        "name": "(anonymous_0)",
        "decl": {
          "start": { "line": 15, "column": 15 },
          "end": { "line": 15, "column": 16 }
        },
        "loc": {
          "start": { "line": 15, "column": 24 },
          "end": { "line": 90, "column": 1 }
        },
        "line": 15
      },
      "1": {
        "name": "(anonymous_1)",
        "decl": {
          "start": { "line": 16, "column": 27 },
          "end": { "line": 16, "column": 28 }
        },
        "loc": {
          "start": { "line": 16, "column": 41 },
          "end": { "line": 16, "column": 45 }
        },
        "line": 16
      },
      "2": {
        "name": "(anonymous_2)",
        "decl": {
          "start": { "line": 28, "column": 19 },
          "end": { "line": 28, "column": 20 }
        },
        "loc": {
          "start": { "line": 28, "column": 25 },
          "end": { "line": 28, "column": 47 }
        },
        "line": 28
      },
      "3": {
        "name": "(anonymous_3)",
        "decl": {
          "start": { "line": 49, "column": 21 },
          "end": { "line": 49, "column": 22 }
        },
        "loc": {
          "start": { "line": 49, "column": 27 },
          "end": { "line": 49, "column": 49 }
        },
        "line": 49
      },
      "4": {
        "name": "(anonymous_4)",
        "decl": {
          "start": { "line": 58, "column": 39 },
          "end": { "line": 58, "column": 40 }
        },
        "loc": {
          "start": { "line": 58, "column": 45 },
          "end": { "line": 58, "column": 78 }
        },
        "line": 58
      },
      "5": {
        "name": "(anonymous_5)",
        "decl": {
          "start": { "line": 65, "column": 39 },
          "end": { "line": 65, "column": 40 }
        },
        "loc": {
          "start": { "line": 65, "column": 45 },
          "end": { "line": 65, "column": 78 }
        },
        "line": 65
      },
      "6": {
        "name": "(anonymous_6)",
        "decl": {
          "start": { "line": 76, "column": 21 },
          "end": { "line": 76, "column": 22 }
        },
        "loc": {
          "start": { "line": 77, "column": 14 },
          "end": { "line": 80, "column": 16 }
        },
        "line": 77
      }
    },
    "branchMap": {
      "0": {
        "loc": {
          "start": { "line": 22, "column": 8 },
          "end": { "line": 22, "column": 60 }
        },
        "type": "cond-expr",
        "locations": [
          {
            "start": { "line": 22, "column": 27 },
            "end": { "line": 22, "column": 53 }
          },
          {
            "start": { "line": 22, "column": 56 },
            "end": { "line": 22, "column": 60 }
          }
        ],
        "line": 22
      },
      "1": {
        "loc": {
          "start": { "line": 23, "column": 8 },
          "end": { "line": 23, "column": 39 }
        },
        "type": "binary-expr",
        "locations": [
          {
            "start": { "line": 23, "column": 8 },
            "end": { "line": 23, "column": 31 }
          },
          {
            "start": { "line": 23, "column": 35 },
            "end": { "line": 23, "column": 39 }
          }
        ],
        "line": 23
      },
      "2": {
        "loc": {
          "start": { "line": 25, "column": 7 },
          "end": { "line": 36, "column": 14 }
        },
        "type": "cond-expr",
        "locations": [
          {
            "start": { "line": 26, "column": 8 },
            "end": { "line": 35, "column": 27 }
          },
          {
            "start": { "line": 36, "column": 10 },
            "end": { "line": 36, "column": 14 }
          }
        ],
        "line": 25
      },
      "3": {
        "loc": {
          "start": { "line": 38, "column": 7 },
          "end": { "line": 43, "column": 14 }
        },
        "type": "cond-expr",
        "locations": [
          {
            "start": { "line": 39, "column": 8 },
            "end": { "line": 42, "column": 10 }
          },
          {
            "start": { "line": 43, "column": 10 },
            "end": { "line": 43, "column": 14 }
          }
        ],
        "line": 38
      },
      "4": {
        "loc": {
          "start": { "line": 46, "column": 9 },
          "end": { "line": 54, "column": 16 }
        },
        "type": "cond-expr",
        "locations": [
          {
            "start": { "line": 47, "column": 10 },
            "end": { "line": 53, "column": 29 }
          },
          {
            "start": { "line": 54, "column": 12 },
            "end": { "line": 54, "column": 16 }
          }
        ],
        "line": 46
      },
      "5": {
        "loc": {
          "start": { "line": 48, "column": 22 },
          "end": { "line": 48, "column": 53 }
        },
        "type": "cond-expr",
        "locations": [
          {
            "start": { "line": 48, "column": 41 },
            "end": { "line": 48, "column": 46 }
          },
          {
            "start": { "line": 48, "column": 49 },
            "end": { "line": 48, "column": 53 }
          }
        ],
        "line": 48
      },
      "6": {
        "loc": {
          "start": { "line": 56, "column": 9 },
          "end": { "line": 72, "column": 16 }
        },
        "type": "cond-expr",
        "locations": [
          {
            "start": { "line": 57, "column": 10 },
            "end": { "line": 71, "column": 11 }
          },
          {
            "start": { "line": 72, "column": 12 },
            "end": { "line": 72, "column": 16 }
          }
        ],
        "line": 56
      },
      "7": {
        "loc": {
          "start": { "line": 57, "column": 10 },
          "end": { "line": 71, "column": 11 }
        },
        "type": "cond-expr",
        "locations": [
          {
            "start": { "line": 58, "column": 12 },
            "end": { "line": 63, "column": 31 }
          },
          {
            "start": { "line": 65, "column": 12 },
            "end": { "line": 70, "column": 31 }
          }
        ],
        "line": 57
      },
      "8": {
        "loc": {
          "start": { "line": 74, "column": 9 },
          "end": { "line": 84, "column": 16 }
        },
        "type": "cond-expr",
        "locations": [
          {
            "start": { "line": 75, "column": 10 },
            "end": { "line": 83, "column": 29 }
          },
          {
            "start": { "line": 84, "column": 12 },
            "end": { "line": 84, "column": 16 }
          }
        ],
        "line": 74
      },
      "9": {
        "loc": {
          "start": { "line": 86, "column": 9 },
          "end": { "line": 86, "column": 61 }
        },
        "type": "cond-expr",
        "locations": [
          {
            "start": { "line": 86, "column": 33 },
            "end": { "line": 86, "column": 54 }
          },
          {
            "start": { "line": 86, "column": 57 },
            "end": { "line": 86, "column": 61 }
          }
        ],
        "line": 86
      }
    },
    "s": {
      "0": 2,
      "1": 3,
      "2": 5,
      "3": 3,
      "4": 0,
      "5": 0,
      "6": 0,
      "7": 0,
      "8": 0,
      "9": 2
    },
    "f": { "0": 3, "1": 5, "2": 0, "3": 0, "4": 0, "5": 0, "6": 0 },
    "b": {
      "0": [0, 3],
      "1": [3, 3],
      "2": [0, 3],
      "3": [0, 3],
      "4": [3, 0],
      "5": [0, 3],
      "6": [0, 3],
      "7": [0, 0],
      "8": [0, 3],
      "9": [0, 3]
    },
    "_coverageSchema": "1a1c01bbd47fc00a2c39e90264f33305004495a9",
    "hash": "019bc52524f6e7b9cd63ce2c71db9d8a1937a766"
  },
  "/Users/josh/Desktop/habit-tracker/src/constants/Constants.js": {
    "path": "/Users/josh/Desktop/habit-tracker/src/constants/Constants.js",
    "statementMap": {
      "0": {
        "start": { "line": 1, "column": 10 },
        "end": { "line": 1, "column": 12 }
      },
      "1": {
        "start": { "line": 4, "column": 2 },
        "end": { "line": 4, "column": 76 }
      },
      "2": {
        "start": { "line": 6, "column": 2 },
        "end": { "line": 6, "column": 76 }
      },
      "3": {
        "start": { "line": 8, "column": 2 },
        "end": { "line": 8, "column": 76 }
      },
      "4": {
        "start": { "line": 10, "column": 0 },
        "end": { "line": 14, "column": 1 }
      },
      "5": {
        "start": { "line": 11, "column": 2 },
        "end": { "line": 11, "column": 43 }
      },
      "6": {
        "start": { "line": 13, "column": 2 },
        "end": { "line": 13, "column": 43 }
      },
      "7": {
        "start": { "line": 16, "column": 25 },
        "end": { "line": 22, "column": 1 }
      }
    },
    "fnMap": {},
    "branchMap": {
      "0": {
        "loc": {
          "start": { "line": 10, "column": 0 },
          "end": { "line": 14, "column": 1 }
        },
        "type": "if",
        "locations": [
          {
            "start": { "line": 10, "column": 0 },
            "end": { "line": 14, "column": 1 }
          },
          {
            "start": { "line": 12, "column": 7 },
            "end": { "line": 14, "column": 1 }
          }
        ],
        "line": 10
      }
    },
    "s": { "0": 3, "1": 3, "2": 3, "3": 3, "4": 3, "5": 3, "6": 0, "7": 3 },
    "f": {},
    "b": { "0": [3, 0] },
    "_coverageSchema": "1a1c01bbd47fc00a2c39e90264f33305004495a9",
    "hash": "8c541761dbd09b6d5eee1e6f48d23e23c190f5c6"
  },
  "/Users/josh/Desktop/habit-tracker/src/screens/ChatbotScreen.js": {
    "path": "/Users/josh/Desktop/habit-tracker/src/screens/ChatbotScreen.js",
    "statementMap": {
      "0": {
        "start": { "line": 12, "column": 31 },
        "end": { "line": 12, "column": 63 }
      },
      "1": {
        "start": { "line": 13, "column": 15 },
        "end": { "line": 13, "column": 59 }
      },
      "2": {
        "start": { "line": 14, "column": 14 },
        "end": { "line": 14, "column": 44 }
      },
      "3": {
        "start": { "line": 16, "column": 22 },
        "end": { "line": 106, "column": 1 }
      },
      "4": {
        "start": { "line": 17, "column": 34 },
        "end": { "line": 17, "column": 46 }
      },
      "5": {
        "start": { "line": 18, "column": 28 },
        "end": { "line": 18, "column": 40 }
      },
      "6": {
        "start": { "line": 19, "column": 22 },
        "end": { "line": 19, "column": 34 }
      },
      "7": {
        "start": { "line": 21, "column": 21 },
        "end": { "line": 69, "column": 3 }
      },
      "8": {
        "start": { "line": 22, "column": 4 },
        "end": { "line": 22, "column": 42 }
      },
      "9": {
        "start": { "line": 22, "column": 35 },
        "end": { "line": 22, "column": 42 }
      },
      "10": {
        "start": { "line": 23, "column": 24 },
        "end": { "line": 23, "column": 68 }
      },
      "11": {
        "start": { "line": 24, "column": 4 },
        "end": { "line": 24, "column": 29 }
      },
      "12": {
        "start": { "line": 26, "column": 4 },
        "end": { "line": 66, "column": 5 }
      },
      "13": {
        "start": { "line": 27, "column": 20 },
        "end": { "line": 27, "column": 69 }
      },
      "14": {
        "start": { "line": 29, "column": 19 },
        "end": { "line": 51, "column": 8 }
      },
      "15": {
        "start": { "line": 53, "column": 21 },
        "end": { "line": 53, "column": 50 }
      },
      "16": {
        "start": { "line": 54, "column": 23 },
        "end": { "line": 54, "column": 44 }
      },
      "17": {
        "start": { "line": 55, "column": 19 },
        "end": { "line": 55, "column": 40 }
      },
      "18": {
        "start": { "line": 56, "column": 6 },
        "end": { "line": 56, "column": 59 }
      },
      "19": {
        "start": { "line": 58, "column": 6 },
        "end": { "line": 58, "column": 51 }
      },
      "20": {
        "start": { "line": 59, "column": 6 },
        "end": { "line": 65, "column": 9 }
      },
      "21": {
        "start": { "line": 68, "column": 4 },
        "end": { "line": 68, "column": 17 }
      },
      "22": {
        "start": { "line": 71, "column": 2 },
        "end": { "line": 105, "column": 4 }
      },
      "23": {
        "start": { "line": 82, "column": 10 },
        "end": { "line": 87, "column": 17 }
      },
      "24": {
        "start": { "line": 89, "column": 39 },
        "end": { "line": 89, "column": 55 }
      },
      "25": {
        "start": { "line": 92, "column": 10 },
        "end": { "line": 92, "column": 61 }
      },
      "26": {
        "start": { "line": 108, "column": 15 },
        "end": { "line": 155, "column": 2 }
      }
    },
    "fnMap": {
      "0": {
        "name": "(anonymous_0)",
        "decl": {
          "start": { "line": 16, "column": 22 },
          "end": { "line": 16, "column": 23 }
        },
        "loc": {
          "start": { "line": 16, "column": 28 },
          "end": { "line": 106, "column": 1 }
        },
        "line": 16
      },
      "1": {
        "name": "(anonymous_1)",
        "decl": {
          "start": { "line": 21, "column": 21 },
          "end": { "line": 21, "column": 22 }
        },
        "loc": {
          "start": { "line": 21, "column": 33 },
          "end": { "line": 69, "column": 3 }
        },
        "line": 21
      },
      "2": {
        "name": "(anonymous_2)",
        "decl": {
          "start": { "line": 81, "column": 20 },
          "end": { "line": 81, "column": 21 }
        },
        "loc": {
          "start": { "line": 82, "column": 10 },
          "end": { "line": 87, "column": 17 }
        },
        "line": 82
      },
      "3": {
        "name": "(anonymous_3)",
        "decl": {
          "start": { "line": 89, "column": 22 },
          "end": { "line": 89, "column": 23 }
        },
        "loc": {
          "start": { "line": 89, "column": 39 },
          "end": { "line": 89, "column": 55 }
        },
        "line": 89
      },
      "4": {
        "name": "(anonymous_4)",
        "decl": {
          "start": { "line": 91, "column": 29 },
          "end": { "line": 91, "column": 30 }
        },
        "loc": {
          "start": { "line": 92, "column": 10 },
          "end": { "line": 92, "column": 61 }
        },
        "line": 92
      }
    },
    "branchMap": {
      "0": {
        "loc": {
          "start": { "line": 22, "column": 4 },
          "end": { "line": 22, "column": 42 }
        },
        "type": "if",
        "locations": [
          {
            "start": { "line": 22, "column": 4 },
            "end": { "line": 22, "column": 42 }
          },
          { "start": {}, "end": {} }
        ],
        "line": 22
      },
      "1": {
        "loc": {
          "start": { "line": 74, "column": 16 },
          "end": { "line": 74, "column": 56 }
        },
        "type": "cond-expr",
        "locations": [
          {
            "start": { "line": 74, "column": 40 },
            "end": { "line": 74, "column": 49 }
          },
          {
            "start": { "line": 74, "column": 52 },
            "end": { "line": 74, "column": 56 }
          }
        ],
        "line": 74
      },
      "2": {
        "loc": {
          "start": { "line": 75, "column": 30 },
          "end": { "line": 75, "column": 61 }
        },
        "type": "cond-expr",
        "locations": [
          {
            "start": { "line": 75, "column": 54 },
            "end": { "line": 75, "column": 57 }
          },
          {
            "start": { "line": 75, "column": 60 },
            "end": { "line": 75, "column": 61 }
          }
        ],
        "line": 75
      },
      "3": {
        "loc": {
          "start": { "line": 84, "column": 14 },
          "end": { "line": 84, "column": 75 }
        },
        "type": "cond-expr",
        "locations": [
          {
            "start": { "line": 84, "column": 37 },
            "end": { "line": 84, "column": 55 }
          },
          {
            "start": { "line": 84, "column": 58 },
            "end": { "line": 84, "column": 75 }
          }
        ],
        "line": 84
      }
    },
    "s": {
      "0": 1,
      "1": 1,
      "2": 1,
      "3": 1,
      "4": 12,
      "5": 12,
      "6": 12,
      "7": 12,
      "8": 3,
      "9": 1,
      "10": 2,
      "11": 2,
      "12": 2,
      "13": 2,
      "14": 2,
      "15": 2,
      "16": 1,
      "17": 1,
      "18": 1,
      "19": 1,
      "20": 1,
      "21": 2,
      "22": 12,
      "23": 10,
      "24": 14,
      "25": 0,
      "26": 1
    },
    "f": { "0": 12, "1": 3, "2": 10, "3": 14, "4": 0 },
    "b": { "0": [1, 2], "1": [12, 0], "2": [12, 0], "3": [6, 4] },
    "_coverageSchema": "1a1c01bbd47fc00a2c39e90264f33305004495a9",
    "hash": "10f5e3339c13ba5e5863f0a164f901229049a267"
  },
  "/Users/josh/Desktop/habit-tracker/src/screens/ProfileScreen.js": {
    "path": "/Users/josh/Desktop/habit-tracker/src/screens/ProfileScreen.js",
    "statementMap": {
      "0": {
        "start": { "line": 25, "column": 18 },
        "end": { "line": 25, "column": 47 }
      },
      "1": {
        "start": { "line": 26, "column": 21 },
        "end": { "line": 26, "column": 36 }
      },
      "2": {
        "start": { "line": 27, "column": 32 },
        "end": { "line": 27, "column": 47 }
      },
      "3": {
        "start": { "line": 28, "column": 34 },
        "end": { "line": 28, "column": 46 }
      },
      "4": {
        "start": { "line": 29, "column": 24 },
        "end": { "line": 29, "column": 36 }
      },
      "5": {
        "start": { "line": 30, "column": 42 },
        "end": { "line": 30, "column": 56 }
      },
      "6": {
        "start": { "line": 31, "column": 38 },
        "end": { "line": 31, "column": 49 }
      },
      "7": {
        "start": { "line": 32, "column": 46 },
        "end": { "line": 32, "column": 57 }
      },
      "8": {
        "start": { "line": 33, "column": 44 },
        "end": { "line": 33, "column": 55 }
      },
      "9": {
        "start": { "line": 35, "column": 2 },
        "end": { "line": 42, "column": 16 }
      },
      "10": {
        "start": { "line": 36, "column": 4 },
        "end": { "line": 41, "column": 5 }
      },
      "11": {
        "start": { "line": 37, "column": 6 },
        "end": { "line": 37, "column": 19 }
      },
      "12": {
        "start": { "line": 38, "column": 6 },
        "end": { "line": 38, "column": 22 }
      },
      "13": {
        "start": { "line": 39, "column": 6 },
        "end": { "line": 39, "column": 26 }
      },
      "14": {
        "start": { "line": 40, "column": 6 },
        "end": { "line": 40, "column": 25 }
      },
      "15": {
        "start": { "line": 45, "column": 4 },
        "end": { "line": 67, "column": 5 }
      },
      "16": {
        "start": { "line": 46, "column": 6 },
        "end": { "line": 46, "column": 23 }
      },
      "17": {
        "start": { "line": 47, "column": 6 },
        "end": { "line": 47, "column": 69 }
      },
      "18": {
        "start": { "line": 47, "column": 26 },
        "end": { "line": 47, "column": 69 }
      },
      "19": {
        "start": { "line": 49, "column": 38 },
        "end": { "line": 53, "column": 17 }
      },
      "20": {
        "start": { "line": 54, "column": 6 },
        "end": { "line": 56, "column": 7 }
      },
      "21": {
        "start": { "line": 55, "column": 8 },
        "end": { "line": 55, "column": 20 }
      },
      "22": {
        "start": { "line": 58, "column": 6 },
        "end": { "line": 62, "column": 7 }
      },
      "23": {
        "start": { "line": 59, "column": 8 },
        "end": { "line": 59, "column": 35 }
      },
      "24": {
        "start": { "line": 60, "column": 8 },
        "end": { "line": 60, "column": 25 }
      },
      "25": {
        "start": { "line": 61, "column": 8 },
        "end": { "line": 61, "column": 44 }
      },
      "26": {
        "start": { "line": 64, "column": 6 },
        "end": { "line": 64, "column": 59 }
      },
      "27": {
        "start": { "line": 66, "column": 6 },
        "end": { "line": 66, "column": 24 }
      },
      "28": {
        "start": { "line": 71, "column": 4 },
        "end": { "line": 91, "column": 5 }
      },
      "29": {
        "start": { "line": 72, "column": 6 },
        "end": { "line": 72, "column": 23 }
      },
      "30": {
        "start": { "line": 73, "column": 6 },
        "end": { "line": 73, "column": 69 }
      },
      "31": {
        "start": { "line": 73, "column": 26 },
        "end": { "line": 73, "column": 69 }
      },
      "32": {
        "start": { "line": 75, "column": 39 },
        "end": { "line": 78, "column": 40 }
      },
      "33": {
        "start": { "line": 80, "column": 6 },
        "end": { "line": 82, "column": 7 }
      },
      "34": {
        "start": { "line": 81, "column": 8 },
        "end": { "line": 81, "column": 20 }
      },
      "35": {
        "start": { "line": 84, "column": 6 },
        "end": { "line": 86, "column": 7 }
      },
      "36": {
        "start": { "line": 85, "column": 8 },
        "end": { "line": 85, "column": 29 }
      },
      "37": {
        "start": { "line": 88, "column": 6 },
        "end": { "line": 88, "column": 63 }
      },
      "38": {
        "start": { "line": 90, "column": 6 },
        "end": { "line": 90, "column": 24 }
      },
      "39": {
        "start": { "line": 95, "column": 4 },
        "end": { "line": 115, "column": 5 }
      },
      "40": {
        "start": { "line": 96, "column": 6 },
        "end": { "line": 96, "column": 23 }
      },
      "41": {
        "start": { "line": 97, "column": 6 },
        "end": { "line": 97, "column": 69 }
      },
      "42": {
        "start": { "line": 97, "column": 26 },
        "end": { "line": 97, "column": 69 }
      },
      "43": {
        "start": { "line": 99, "column": 39 },
        "end": { "line": 102, "column": 41 }
      },
      "44": {
        "start": { "line": 104, "column": 6 },
        "end": { "line": 106, "column": 7 }
      },
      "45": {
        "start": { "line": 105, "column": 8 },
        "end": { "line": 105, "column": 20 }
      },
      "46": {
        "start": { "line": 108, "column": 6 },
        "end": { "line": 110, "column": 7 }
      },
      "47": {
        "start": { "line": 109, "column": 8 },
        "end": { "line": 109, "column": 33 }
      },
      "48": {
        "start": { "line": 112, "column": 6 },
        "end": { "line": 112, "column": 67 }
      },
      "49": {
        "start": { "line": 114, "column": 6 },
        "end": { "line": 114, "column": 24 }
      },
      "50": {
        "start": { "line": 119, "column": 4 },
        "end": { "line": 139, "column": 5 }
      },
      "51": {
        "start": { "line": 120, "column": 6 },
        "end": { "line": 120, "column": 23 }
      },
      "52": {
        "start": { "line": 121, "column": 6 },
        "end": { "line": 121, "column": 69 }
      },
      "53": {
        "start": { "line": 121, "column": 26 },
        "end": { "line": 121, "column": 69 }
      },
      "54": {
        "start": { "line": 123, "column": 39 },
        "end": { "line": 126, "column": 42 }
      },
      "55": {
        "start": { "line": 128, "column": 6 },
        "end": { "line": 130, "column": 7 }
      },
      "56": {
        "start": { "line": 129, "column": 8 },
        "end": { "line": 129, "column": 20 }
      },
      "57": {
        "start": { "line": 132, "column": 6 },
        "end": { "line": 134, "column": 7 }
      },
      "58": {
        "start": { "line": 133, "column": 8 },
        "end": { "line": 133, "column": 32 }
      },
      "59": {
        "start": { "line": 136, "column": 6 },
        "end": { "line": 136, "column": 66 }
      },
      "60": {
        "start": { "line": 138, "column": 6 },
        "end": { "line": 138, "column": 24 }
      },
      "61": {
        "start": { "line": 142, "column": 30 },
        "end": { "line": 144, "column": 3 }
      },
      "62": {
        "start": { "line": 143, "column": 4 },
        "end": { "line": 143, "column": 43 }
      },
      "63": {
        "start": { "line": 146, "column": 27 },
        "end": { "line": 148, "column": 3 }
      },
      "64": {
        "start": { "line": 147, "column": 4 },
        "end": { "line": 147, "column": 40 }
      },
      "65": {
        "start": { "line": 150, "column": 29 },
        "end": { "line": 152, "column": 3 }
      },
      "66": {
        "start": { "line": 151, "column": 4 },
        "end": { "line": 151, "column": 42 }
      },
      "67": {
        "start": { "line": 154, "column": 28 },
        "end": { "line": 166, "column": 3 }
      },
      "68": {
        "start": { "line": 155, "column": 17 },
        "end": { "line": 160, "column": 6 }
      },
      "69": {
        "start": { "line": 162, "column": 4 },
        "end": { "line": 165, "column": 5 }
      },
      "70": {
        "start": { "line": 163, "column": 6 },
        "end": { "line": 163, "column": 40 }
      },
      "71": {
        "start": { "line": 164, "column": 6 },
        "end": { "line": 164, "column": 43 }
      },
      "72": {
        "start": { "line": 168, "column": 30 },
        "end": { "line": 176, "column": 3 }
      },
      "73": {
        "start": { "line": 169, "column": 25 },
        "end": { "line": 169, "column": 44 }
      },
      "74": {
        "start": { "line": 170, "column": 16 },
        "end": { "line": 170, "column": 35 }
      },
      "75": {
        "start": { "line": 171, "column": 18 },
        "end": { "line": 171, "column": 37 }
      },
      "76": {
        "start": { "line": 172, "column": 4 },
        "end": { "line": 174, "column": 5 }
      },
      "77": {
        "start": { "line": 172, "column": 17 },
        "end": { "line": 172, "column": 18 }
      },
      "78": {
        "start": { "line": 173, "column": 6 },
        "end": { "line": 173, "column": 44 }
      },
      "79": {
        "start": { "line": 175, "column": 4 },
        "end": { "line": 175, "column": 24 }
      },
      "80": {
        "start": { "line": 178, "column": 29 },
        "end": { "line": 223, "column": 3 }
      },
      "81": {
        "start": { "line": 179, "column": 4 },
        "end": { "line": 222, "column": 5 }
      },
      "82": {
        "start": { "line": 180, "column": 6 },
        "end": { "line": 180, "column": 23 }
      },
      "83": {
        "start": { "line": 181, "column": 23 },
        "end": { "line": 181, "column": 96 }
      },
      "84": {
        "start": { "line": 182, "column": 6 },
        "end": { "line": 182, "column": 47 }
      },
      "85": {
        "start": { "line": 184, "column": 23 },
        "end": { "line": 184, "column": 45 }
      },
      "86": {
        "start": { "line": 185, "column": 19 },
        "end": { "line": 185, "column": 40 }
      },
      "87": {
        "start": { "line": 187, "column": 21 },
        "end": { "line": 187, "column": 37 }
      },
      "88": {
        "start": { "line": 188, "column": 6 },
        "end": { "line": 215, "column": 8 }
      },
      "89": {
        "start": { "line": 189, "column": 27 },
        "end": { "line": 189, "column": 54 }
      },
      "90": {
        "start": { "line": 190, "column": 28 },
        "end": { "line": 190, "column": 59 }
      },
      "91": {
        "start": { "line": 193, "column": 10 },
        "end": { "line": 199, "column": 14 }
      },
      "92": {
        "start": { "line": 201, "column": 8 },
        "end": { "line": 206, "column": 9 }
      },
      "93": {
        "start": { "line": 202, "column": 10 },
        "end": { "line": 202, "column": 54 }
      },
      "94": {
        "start": { "line": 203, "column": 10 },
        "end": { "line": 203, "column": 52 }
      },
      "95": {
        "start": { "line": 204, "column": 10 },
        "end": { "line": 204, "column": 28 }
      },
      "96": {
        "start": { "line": 205, "column": 10 },
        "end": { "line": 205, "column": 17 }
      },
      "97": {
        "start": { "line": 208, "column": 25 },
        "end": { "line": 210, "column": 33 }
      },
      "98": {
        "start": { "line": 211, "column": 26 },
        "end": { "line": 211, "column": 40 }
      },
      "99": {
        "start": { "line": 212, "column": 8 },
        "end": { "line": 212, "column": 35 }
      },
      "100": {
        "start": { "line": 214, "column": 8 },
        "end": { "line": 214, "column": 70 }
      },
      "101": {
        "start": { "line": 216, "column": 6 },
        "end": { "line": 216, "column": 33 }
      },
      "102": {
        "start": { "line": 218, "column": 6 },
        "end": { "line": 218, "column": 44 }
      },
      "103": {
        "start": { "line": 219, "column": 6 },
        "end": { "line": 219, "column": 53 }
      },
      "104": {
        "start": { "line": 221, "column": 6 },
        "end": { "line": 221, "column": 24 }
      },
      "105": {
        "start": { "line": 226, "column": 4 },
        "end": { "line": 250, "column": 5 }
      },
      "106": {
        "start": { "line": 227, "column": 6 },
        "end": { "line": 227, "column": 23 }
      },
      "107": {
        "start": { "line": 228, "column": 6 },
        "end": { "line": 228, "column": 69 }
      },
      "108": {
        "start": { "line": 228, "column": 26 },
        "end": { "line": 228, "column": 69 }
      },
      "109": {
        "start": { "line": 230, "column": 22 },
        "end": { "line": 235, "column": 7 }
      },
      "110": {
        "start": { "line": 237, "column": 24 },
        "end": { "line": 239, "column": 50 }
      },
      "111": {
        "start": { "line": 241, "column": 6 },
        "end": { "line": 243, "column": 7 }
      },
      "112": {
        "start": { "line": 242, "column": 8 },
        "end": { "line": 242, "column": 20 }
      },
      "113": {
        "start": { "line": 245, "column": 6 },
        "end": { "line": 245, "column": 62 }
      },
      "114": {
        "start": { "line": 247, "column": 6 },
        "end": { "line": 247, "column": 49 }
      },
      "115": {
        "start": { "line": 249, "column": 6 },
        "end": { "line": 249, "column": 24 }
      },
      "116": {
        "start": { "line": 253, "column": 2 },
        "end": { "line": 365, "column": 4 }
      },
      "117": {
        "start": { "line": 300, "column": 27 },
        "end": { "line": 300, "column": 63 }
      },
      "118": {
        "start": { "line": 312, "column": 27 },
        "end": { "line": 312, "column": 62 }
      },
      "119": {
        "start": { "line": 368, "column": 15 },
        "end": { "line": 510, "column": 2 }
      },
      "120": {
        "start": { "line": 512, "column": 0 },
        "end": { "line": 515, "column": 2 }
      }
    },
    "fnMap": {
      "0": {
        "name": "Account",
        "decl": {
          "start": { "line": 24, "column": 24 },
          "end": { "line": 24, "column": 31 }
        },
        "loc": {
          "start": { "line": 24, "column": 34 },
          "end": { "line": 366, "column": 1 }
        },
        "line": 24
      },
      "1": {
        "name": "(anonymous_1)",
        "decl": {
          "start": { "line": 35, "column": 12 },
          "end": { "line": 35, "column": 13 }
        },
        "loc": {
          "start": { "line": 35, "column": 18 },
          "end": { "line": 42, "column": 3 }
        },
        "line": 35
      },
      "2": {
        "name": "getProfile",
        "decl": {
          "start": { "line": 44, "column": 17 },
          "end": { "line": 44, "column": 27 }
        },
        "loc": {
          "start": { "line": 44, "column": 30 },
          "end": { "line": 68, "column": 3 }
        },
        "line": 44
      },
      "3": {
        "name": "getPostsCount",
        "decl": {
          "start": { "line": 70, "column": 17 },
          "end": { "line": 70, "column": 30 }
        },
        "loc": {
          "start": { "line": 70, "column": 33 },
          "end": { "line": 92, "column": 3 }
        },
        "line": 70
      },
      "4": {
        "name": "getFollowingCount",
        "decl": {
          "start": { "line": 94, "column": 17 },
          "end": { "line": 94, "column": 34 }
        },
        "loc": {
          "start": { "line": 94, "column": 37 },
          "end": { "line": 116, "column": 3 }
        },
        "line": 94
      },
      "5": {
        "name": "getFollowerCount",
        "decl": {
          "start": { "line": 118, "column": 17 },
          "end": { "line": 118, "column": 33 }
        },
        "loc": {
          "start": { "line": 118, "column": 36 },
          "end": { "line": 140, "column": 3 }
        },
        "line": 118
      },
      "6": {
        "name": "(anonymous_6)",
        "decl": {
          "start": { "line": 142, "column": 30 },
          "end": { "line": 142, "column": 31 }
        },
        "loc": {
          "start": { "line": 142, "column": 36 },
          "end": { "line": 144, "column": 3 }
        },
        "line": 142
      },
      "7": {
        "name": "(anonymous_7)",
        "decl": {
          "start": { "line": 146, "column": 27 },
          "end": { "line": 146, "column": 28 }
        },
        "loc": {
          "start": { "line": 146, "column": 33 },
          "end": { "line": 148, "column": 3 }
        },
        "line": 146
      },
      "8": {
        "name": "(anonymous_8)",
        "decl": {
          "start": { "line": 150, "column": 29 },
          "end": { "line": 150, "column": 30 }
        },
        "loc": {
          "start": { "line": 150, "column": 35 },
          "end": { "line": 152, "column": 3 }
        },
        "line": 150
      },
      "9": {
        "name": "(anonymous_9)",
        "decl": {
          "start": { "line": 154, "column": 28 },
          "end": { "line": 154, "column": 29 }
        },
        "loc": {
          "start": { "line": 154, "column": 40 },
          "end": { "line": 166, "column": 3 }
        },
        "line": 154
      },
      "10": {
        "name": "(anonymous_10)",
        "decl": {
          "start": { "line": 168, "column": 30 },
          "end": { "line": 168, "column": 31 }
        },
        "loc": {
          "start": { "line": 168, "column": 40 },
          "end": { "line": 176, "column": 3 }
        },
        "line": 168
      },
      "11": {
        "name": "(anonymous_11)",
        "decl": {
          "start": { "line": 178, "column": 29 },
          "end": { "line": 178, "column": 30 }
        },
        "loc": {
          "start": { "line": 178, "column": 44 },
          "end": { "line": 223, "column": 3 }
        },
        "line": 178
      },
      "12": {
        "name": "(anonymous_12)",
        "decl": {
          "start": { "line": 188, "column": 25 },
          "end": { "line": 188, "column": 26 }
        },
        "loc": {
          "start": { "line": 188, "column": 37 },
          "end": { "line": 215, "column": 7 }
        },
        "line": 188
      },
      "13": {
        "name": "updateProfile",
        "decl": {
          "start": { "line": 225, "column": 17 },
          "end": { "line": 225, "column": 30 }
        },
        "loc": {
          "start": { "line": 225, "column": 33 },
          "end": { "line": 251, "column": 3 }
        },
        "line": 225
      },
      "14": {
        "name": "(anonymous_14)",
        "decl": {
          "start": { "line": 300, "column": 21 },
          "end": { "line": 300, "column": 22 }
        },
        "loc": {
          "start": { "line": 300, "column": 27 },
          "end": { "line": 300, "column": 63 }
        },
        "line": 300
      },
      "15": {
        "name": "(anonymous_15)",
        "decl": {
          "start": { "line": 312, "column": 21 },
          "end": { "line": 312, "column": 22 }
        },
        "loc": {
          "start": { "line": 312, "column": 27 },
          "end": { "line": 312, "column": 62 }
        },
        "line": 312
      }
    },
    "branchMap": {
      "0": {
        "loc": {
          "start": { "line": 36, "column": 4 },
          "end": { "line": 41, "column": 5 }
        },
        "type": "if",
        "locations": [
          {
            "start": { "line": 36, "column": 4 },
            "end": { "line": 41, "column": 5 }
          },
          { "start": {}, "end": {} }
        ],
        "line": 36
      },
      "1": {
        "loc": {
          "start": { "line": 47, "column": 6 },
          "end": { "line": 47, "column": 69 }
        },
        "type": "if",
        "locations": [
          {
            "start": { "line": 47, "column": 6 },
            "end": { "line": 47, "column": 69 }
          },
          { "start": {}, "end": {} }
        ],
        "line": 47
      },
      "2": {
        "loc": {
          "start": { "line": 54, "column": 6 },
          "end": { "line": 56, "column": 7 }
        },
        "type": "if",
        "locations": [
          {
            "start": { "line": 54, "column": 6 },
            "end": { "line": 56, "column": 7 }
          },
          { "start": {}, "end": {} }
        ],
        "line": 54
      },
      "3": {
        "loc": {
          "start": { "line": 54, "column": 10 },
          "end": { "line": 54, "column": 33 }
        },
        "type": "binary-expr",
        "locations": [
          {
            "start": { "line": 54, "column": 10 },
            "end": { "line": 54, "column": 15 }
          },
          {
            "start": { "line": 54, "column": 19 },
            "end": { "line": 54, "column": 33 }
          }
        ],
        "line": 54
      },
      "4": {
        "loc": {
          "start": { "line": 58, "column": 6 },
          "end": { "line": 62, "column": 7 }
        },
        "type": "if",
        "locations": [
          {
            "start": { "line": 58, "column": 6 },
            "end": { "line": 62, "column": 7 }
          },
          { "start": {}, "end": {} }
        ],
        "line": 58
      },
      "5": {
        "loc": {
          "start": { "line": 73, "column": 6 },
          "end": { "line": 73, "column": 69 }
        },
        "type": "if",
        "locations": [
          {
            "start": { "line": 73, "column": 6 },
            "end": { "line": 73, "column": 69 }
          },
          { "start": {}, "end": {} }
        ],
        "line": 73
      },
      "6": {
        "loc": {
          "start": { "line": 80, "column": 6 },
          "end": { "line": 82, "column": 7 }
        },
        "type": "if",
        "locations": [
          {
            "start": { "line": 80, "column": 6 },
            "end": { "line": 82, "column": 7 }
          },
          { "start": {}, "end": {} }
        ],
        "line": 80
      },
      "7": {
        "loc": {
          "start": { "line": 80, "column": 10 },
          "end": { "line": 80, "column": 33 }
        },
        "type": "binary-expr",
        "locations": [
          {
            "start": { "line": 80, "column": 10 },
            "end": { "line": 80, "column": 15 }
          },
          {
            "start": { "line": 80, "column": 19 },
            "end": { "line": 80, "column": 33 }
          }
        ],
        "line": 80
      },
      "8": {
        "loc": {
          "start": { "line": 84, "column": 6 },
          "end": { "line": 86, "column": 7 }
        },
        "type": "if",
        "locations": [
          {
            "start": { "line": 84, "column": 6 },
            "end": { "line": 86, "column": 7 }
          },
          { "start": {}, "end": {} }
        ],
        "line": 84
      },
      "9": {
        "loc": {
          "start": { "line": 97, "column": 6 },
          "end": { "line": 97, "column": 69 }
        },
        "type": "if",
        "locations": [
          {
            "start": { "line": 97, "column": 6 },
            "end": { "line": 97, "column": 69 }
          },
          { "start": {}, "end": {} }
        ],
        "line": 97
      },
      "10": {
        "loc": {
          "start": { "line": 104, "column": 6 },
          "end": { "line": 106, "column": 7 }
        },
        "type": "if",
        "locations": [
          {
            "start": { "line": 104, "column": 6 },
            "end": { "line": 106, "column": 7 }
          },
          { "start": {}, "end": {} }
        ],
        "line": 104
      },
      "11": {
        "loc": {
          "start": { "line": 104, "column": 10 },
          "end": { "line": 104, "column": 33 }
        },
        "type": "binary-expr",
        "locations": [
          {
            "start": { "line": 104, "column": 10 },
            "end": { "line": 104, "column": 15 }
          },
          {
            "start": { "line": 104, "column": 19 },
            "end": { "line": 104, "column": 33 }
          }
        ],
        "line": 104
      },
      "12": {
        "loc": {
          "start": { "line": 108, "column": 6 },
          "end": { "line": 110, "column": 7 }
        },
        "type": "if",
        "locations": [
          {
            "start": { "line": 108, "column": 6 },
            "end": { "line": 110, "column": 7 }
          },
          { "start": {}, "end": {} }
        ],
        "line": 108
      },
      "13": {
        "loc": {
          "start": { "line": 121, "column": 6 },
          "end": { "line": 121, "column": 69 }
        },
        "type": "if",
        "locations": [
          {
            "start": { "line": 121, "column": 6 },
            "end": { "line": 121, "column": 69 }
          },
          { "start": {}, "end": {} }
        ],
        "line": 121
      },
      "14": {
        "loc": {
          "start": { "line": 128, "column": 6 },
          "end": { "line": 130, "column": 7 }
        },
        "type": "if",
        "locations": [
          {
            "start": { "line": 128, "column": 6 },
            "end": { "line": 130, "column": 7 }
          },
          { "start": {}, "end": {} }
        ],
        "line": 128
      },
      "15": {
        "loc": {
          "start": { "line": 128, "column": 10 },
          "end": { "line": 128, "column": 33 }
        },
        "type": "binary-expr",
        "locations": [
          {
            "start": { "line": 128, "column": 10 },
            "end": { "line": 128, "column": 15 }
          },
          {
            "start": { "line": 128, "column": 19 },
            "end": { "line": 128, "column": 33 }
          }
        ],
        "line": 128
      },
      "16": {
        "loc": {
          "start": { "line": 132, "column": 6 },
          "end": { "line": 134, "column": 7 }
        },
        "type": "if",
        "locations": [
          {
            "start": { "line": 132, "column": 6 },
            "end": { "line": 134, "column": 7 }
          },
          { "start": {}, "end": {} }
        ],
        "line": 132
      },
      "17": {
        "loc": {
          "start": { "line": 162, "column": 4 },
          "end": { "line": 165, "column": 5 }
        },
        "type": "if",
        "locations": [
          {
            "start": { "line": 162, "column": 4 },
            "end": { "line": 165, "column": 5 }
          },
          { "start": {}, "end": {} }
        ],
        "line": 162
      },
      "18": {
        "loc": {
          "start": { "line": 201, "column": 8 },
          "end": { "line": 206, "column": 9 }
        },
        "type": "if",
        "locations": [
          {
            "start": { "line": 201, "column": 8 },
            "end": { "line": 206, "column": 9 }
          },
          { "start": {}, "end": {} }
        ],
        "line": 201
      },
      "19": {
        "loc": {
          "start": { "line": 228, "column": 6 },
          "end": { "line": 228, "column": 69 }
        },
        "type": "if",
        "locations": [
          {
            "start": { "line": 228, "column": 6 },
            "end": { "line": 228, "column": 69 }
          },
          { "start": {}, "end": {} }
        ],
        "line": 228
      },
      "20": {
        "loc": {
          "start": { "line": 241, "column": 6 },
          "end": { "line": 243, "column": 7 }
        },
        "type": "if",
        "locations": [
          {
            "start": { "line": 241, "column": 6 },
            "end": { "line": 243, "column": 7 }
          },
          { "start": {}, "end": {} }
        ],
        "line": 241
      },
      "21": {
        "loc": {
          "start": { "line": 260, "column": 13 },
          "end": { "line": 267, "column": 13 }
        },
        "type": "cond-expr",
        "locations": [
          {
            "start": { "line": 261, "column": 14 },
            "end": { "line": 261, "column": 79 }
          },
          {
            "start": { "line": 263, "column": 14 },
            "end": { "line": 266, "column": 16 }
          }
        ],
        "line": 260
      },
      "22": {
        "loc": {
          "start": { "line": 270, "column": 20 },
          "end": { "line": 270, "column": 38 }
        },
        "type": "binary-expr",
        "locations": [
          {
            "start": { "line": 270, "column": 20 },
            "end": { "line": 270, "column": 28 }
          },
          {
            "start": { "line": 270, "column": 32 },
            "end": { "line": 270, "column": 38 }
          }
        ],
        "line": 270
      },
      "23": {
        "loc": {
          "start": { "line": 335, "column": 19 },
          "end": { "line": 335, "column": 33 }
        },
        "type": "binary-expr",
        "locations": [
          {
            "start": { "line": 335, "column": 19 },
            "end": { "line": 335, "column": 27 }
          },
          {
            "start": { "line": 335, "column": 31 },
            "end": { "line": 335, "column": 33 }
          }
        ],
        "line": 335
      },
      "24": {
        "loc": {
          "start": { "line": 346, "column": 19 },
          "end": { "line": 346, "column": 28 }
        },
        "type": "binary-expr",
        "locations": [
          {
            "start": { "line": 346, "column": 19 },
            "end": { "line": 346, "column": 22 }
          },
          {
            "start": { "line": 346, "column": 26 },
            "end": { "line": 346, "column": 28 }
          }
        ],
        "line": 346
      },
      "25": {
        "loc": {
          "start": { "line": 356, "column": 19 },
          "end": { "line": 356, "column": 61 }
        },
        "type": "cond-expr",
        "locations": [
          {
            "start": { "line": 356, "column": 29 },
            "end": { "line": 356, "column": 42 }
          },
          {
            "start": { "line": 356, "column": 45 },
            "end": { "line": 356, "column": 61 }
          }
        ],
        "line": 356
      }
    },
    "s": {
      "0": 11,
      "1": 11,
      "2": 11,
      "3": 11,
      "4": 11,
      "5": 11,
      "6": 11,
      "7": 11,
      "8": 11,
      "9": 11,
      "10": 6,
      "11": 6,
      "12": 6,
      "13": 6,
      "14": 6,
      "15": 6,
      "16": 6,
      "17": 6,
      "18": 0,
      "19": 6,
      "20": 0,
      "21": 0,
      "22": 0,
      "23": 0,
      "24": 0,
      "25": 0,
      "26": 6,
      "27": 6,
      "28": 6,
      "29": 6,
      "30": 6,
      "31": 0,
      "32": 6,
      "33": 0,
      "34": 0,
      "35": 0,
      "36": 0,
      "37": 6,
      "38": 6,
      "39": 6,
      "40": 6,
      "41": 6,
      "42": 0,
      "43": 6,
      "44": 0,
      "45": 0,
      "46": 0,
      "47": 0,
      "48": 6,
      "49": 6,
      "50": 6,
      "51": 6,
      "52": 6,
      "53": 0,
      "54": 6,
      "55": 0,
      "56": 0,
      "57": 0,
      "58": 0,
      "59": 6,
      "60": 6,
      "61": 11,
      "62": 0,
      "63": 11,
      "64": 0,
      "65": 11,
      "66": 0,
      "67": 11,
      "68": 0,
      "69": 0,
      "70": 0,
      "71": 0,
      "72": 11,
      "73": 0,
      "74": 0,
      "75": 0,
      "76": 0,
      "77": 0,
      "78": 0,
      "79": 0,
      "80": 11,
      "81": 0,
      "82": 0,
      "83": 0,
      "84": 0,
      "85": 0,
      "86": 0,
      "87": 0,
      "88": 0,
      "89": 0,
      "90": 0,
      "91": 0,
      "92": 0,
      "93": 0,
      "94": 0,
      "95": 0,
      "96": 0,
      "97": 0,
      "98": 0,
      "99": 0,
      "100": 0,
      "101": 0,
      "102": 0,
      "103": 0,
      "104": 0,
      "105": 1,
      "106": 1,
      "107": 1,
      "108": 0,
      "109": 1,
      "110": 1,
      "111": 1,
      "112": 0,
      "113": 1,
      "114": 0,
      "115": 1,
      "116": 11,
      "117": 0,
      "118": 1,
      "119": 1,
      "120": 1
    },
    "f": {
      "0": 11,
      "1": 6,
      "2": 6,
      "3": 6,
      "4": 6,
      "5": 6,
      "6": 0,
      "7": 0,
      "8": 0,
      "9": 0,
      "10": 0,
      "11": 0,
      "12": 0,
      "13": 1,
      "14": 0,
      "15": 1
    },
    "b": {
      "0": [6, 0],
      "1": [0, 6],
      "2": [0, 0],
      "3": [0, 0],
      "4": [0, 0],
      "5": [0, 6],
      "6": [0, 0],
      "7": [0, 0],
      "8": [0, 0],
      "9": [0, 6],
      "10": [0, 0],
      "11": [0, 0],
      "12": [0, 0],
      "13": [0, 6],
      "14": [0, 0],
      "15": [0, 0],
      "16": [0, 0],
      "17": [0, 0],
      "18": [0, 0],
      "19": [0, 1],
      "20": [0, 1],
      "21": [0, 11],
      "22": [11, 4],
      "23": [11, 4],
      "24": [11, 6],
      "25": [1, 10]
    },
    "_coverageSchema": "1a1c01bbd47fc00a2c39e90264f33305004495a9",
    "hash": "a55e3e93853b2bcaea8e5fc51604a037ddfdded1"
  },
  "/Users/josh/Desktop/habit-tracker/src/screens/SettingsScreen.js": {
    "path": "/Users/josh/Desktop/habit-tracker/src/screens/SettingsScreen.js",
    "statementMap": {
      "0": {
        "start": { "line": 10, "column": 18 },
        "end": { "line": 10, "column": 47 }
      },
      "1": {
        "start": { "line": 13, "column": 4 },
        "end": { "line": 30, "column": 5 }
      },
      "2": {
        "start": { "line": 14, "column": 6 },
        "end": { "line": 14, "column": 69 }
      },
      "3": {
        "start": { "line": 14, "column": 26 },
        "end": { "line": 14, "column": 69 }
      },
      "4": {
        "start": { "line": 16, "column": 24 },
        "end": { "line": 18, "column": 8 }
      },
      "5": {
        "start": { "line": 20, "column": 6 },
        "end": { "line": 23, "column": 7 }
      },
      "6": {
        "start": { "line": 21, "column": 8 },
        "end": { "line": 21, "column": 53 }
      },
      "7": {
        "start": { "line": 22, "column": 8 },
        "end": { "line": 22, "column": 15 }
      },
      "8": {
        "start": { "line": 25, "column": 6 },
        "end": { "line": 25, "column": 67 }
      },
      "9": {
        "start": { "line": 26, "column": 6 },
        "end": { "line": 26, "column": 36 }
      },
      "10": {
        "start": { "line": 28, "column": 6 },
        "end": { "line": 28, "column": 51 }
      },
      "11": {
        "start": { "line": 29, "column": 6 },
        "end": { "line": 29, "column": 42 }
      },
      "12": {
        "start": { "line": 34, "column": 4 },
        "end": { "line": 59, "column": 5 }
      },
      "13": {
        "start": { "line": 35, "column": 6 },
        "end": { "line": 35, "column": 69 }
      },
      "14": {
        "start": { "line": 35, "column": 26 },
        "end": { "line": 35, "column": 69 }
      },
      "15": {
        "start": { "line": 37, "column": 30 },
        "end": { "line": 39, "column": 8 }
      },
      "16": {
        "start": { "line": 41, "column": 6 },
        "end": { "line": 45, "column": 7 }
      },
      "17": {
        "start": { "line": 42, "column": 8 },
        "end": { "line": 42, "column": 53 }
      },
      "18": {
        "start": { "line": 43, "column": 8 },
        "end": { "line": 43, "column": 70 }
      },
      "19": {
        "start": { "line": 44, "column": 8 },
        "end": { "line": 44, "column": 15 }
      },
      "20": {
        "start": { "line": 47, "column": 23 },
        "end": { "line": 47, "column": 52 }
      },
      "21": {
        "start": { "line": 48, "column": 22 },
        "end": { "line": 48, "column": 69 }
      },
      "22": {
        "start": { "line": 50, "column": 6 },
        "end": { "line": 52, "column": 9 }
      },
      "23": {
        "start": { "line": 54, "column": 6 },
        "end": { "line": 54, "column": 66 }
      },
      "24": {
        "start": { "line": 55, "column": 6 },
        "end": { "line": 55, "column": 34 }
      },
      "25": {
        "start": { "line": 57, "column": 6 },
        "end": { "line": 57, "column": 37 }
      },
      "26": {
        "start": { "line": 58, "column": 6 },
        "end": { "line": 58, "column": 65 }
      },
      "27": {
        "start": { "line": 62, "column": 2 },
        "end": { "line": 85, "column": 4 }
      },
      "28": {
        "start": { "line": 67, "column": 10 },
        "end": { "line": 67, "column": 34 }
      },
      "29": {
        "start": { "line": 68, "column": 10 },
        "end": { "line": 68, "column": 31 }
      },
      "30": {
        "start": { "line": 88, "column": 15 },
        "end": { "line": 94, "column": 2 }
      }
    },
    "fnMap": {
      "0": {
        "name": "SettingsScreen",
        "decl": {
          "start": { "line": 9, "column": 24 },
          "end": { "line": 9, "column": 38 }
        },
        "loc": {
          "start": { "line": 9, "column": 58 },
          "end": { "line": 86, "column": 1 }
        },
        "line": 9
      },
      "1": {
        "name": "deleteUserAndData",
        "decl": {
          "start": { "line": 12, "column": 17 },
          "end": { "line": 12, "column": 34 }
        },
        "loc": {
          "start": { "line": 12, "column": 37 },
          "end": { "line": 31, "column": 3 }
        },
        "line": 12
      },
      "2": {
        "name": "downloadUserData",
        "decl": {
          "start": { "line": 33, "column": 17 },
          "end": { "line": 33, "column": 33 }
        },
        "loc": {
          "start": { "line": 33, "column": 36 },
          "end": { "line": 60, "column": 3 }
        },
        "line": 33
      },
      "3": {
        "name": "(anonymous_3)",
        "decl": {
          "start": { "line": 66, "column": 17 },
          "end": { "line": 66, "column": 18 }
        },
        "loc": {
          "start": { "line": 66, "column": 23 },
          "end": { "line": 69, "column": 9 }
        },
        "line": 66
      }
    },
    "branchMap": {
      "0": {
        "loc": {
          "start": { "line": 14, "column": 6 },
          "end": { "line": 14, "column": 69 }
        },
        "type": "if",
        "locations": [
          {
            "start": { "line": 14, "column": 6 },
            "end": { "line": 14, "column": 69 }
          },
          { "start": {}, "end": {} }
        ],
        "line": 14
      },
      "1": {
        "loc": {
          "start": { "line": 20, "column": 6 },
          "end": { "line": 23, "column": 7 }
        },
        "type": "if",
        "locations": [
          {
            "start": { "line": 20, "column": 6 },
            "end": { "line": 23, "column": 7 }
          },
          { "start": {}, "end": {} }
        ],
        "line": 20
      },
      "2": {
        "loc": {
          "start": { "line": 35, "column": 6 },
          "end": { "line": 35, "column": 69 }
        },
        "type": "if",
        "locations": [
          {
            "start": { "line": 35, "column": 6 },
            "end": { "line": 35, "column": 69 }
          },
          { "start": {}, "end": {} }
        ],
        "line": 35
      },
      "3": {
        "loc": {
          "start": { "line": 41, "column": 6 },
          "end": { "line": 45, "column": 7 }
        },
        "type": "if",
        "locations": [
          {
            "start": { "line": 41, "column": 6 },
            "end": { "line": 45, "column": 7 }
          },
          { "start": {}, "end": {} }
        ],
        "line": 41
      }
    },
    "s": {
      "0": 3,
      "1": 1,
      "2": 1,
      "3": 0,
      "4": 1,
      "5": 1,
      "6": 0,
      "7": 0,
      "8": 1,
      "9": 1,
      "10": 0,
      "11": 0,
      "12": 1,
      "13": 1,
      "14": 0,
      "15": 1,
      "16": 1,
      "17": 0,
      "18": 0,
      "19": 0,
      "20": 1,
      "21": 1,
      "22": 1,
      "23": 1,
      "24": 1,
      "25": 0,
      "26": 0,
      "27": 3,
      "28": 1,
      "29": 1,
      "30": 1
    },
    "f": { "0": 3, "1": 1, "2": 1, "3": 1 },
    "b": { "0": [0, 1], "1": [0, 1], "2": [0, 1], "3": [0, 1] },
    "_coverageSchema": "1a1c01bbd47fc00a2c39e90264f33305004495a9",
    "hash": "684c1c93383540a0086ed34dd403ab91b2716ded"
  },
  "/Users/josh/Desktop/habit-tracker/src/screens/SignupScreen.js": {
    "path": "/Users/josh/Desktop/habit-tracker/src/screens/SignupScreen.js",
    "statementMap": {
      "0": {
        "start": { "line": 13, "column": 0 },
        "end": { "line": 19, "column": 3 }
      },
      "1": {
        "start": { "line": 14, "column": 2 },
        "end": { "line": 18, "column": 3 }
      },
      "2": {
        "start": { "line": 15, "column": 4 },
        "end": { "line": 15, "column": 37 }
      },
      "3": {
        "start": { "line": 17, "column": 4 },
        "end": { "line": 17, "column": 36 }
      },
      "4": {
        "start": { "line": 22, "column": 28 },
        "end": { "line": 22, "column": 40 }
      },
      "5": {
        "start": { "line": 23, "column": 34 },
        "end": { "line": 23, "column": 46 }
      },
      "6": {
        "start": { "line": 24, "column": 32 },
        "end": { "line": 24, "column": 47 }
      },
      "7": {
        "start": { "line": 27, "column": 4 },
        "end": { "line": 27, "column": 21 }
      },
      "8": {
        "start": { "line": 28, "column": 28 },
        "end": { "line": 31, "column": 6 }
      },
      "9": {
        "start": { "line": 33, "column": 4 },
        "end": { "line": 33, "column": 22 }
      },
      "10": {
        "start": { "line": 34, "column": 4 },
[...]
          "end": { "line": 12, "column": 31 }
        },
        "loc": {
          "start": { "line": 12, "column": 62 },
          "end": { "line": 17, "column": 1 }
        },
        "line": 12
      },
      "1": {
        "name": "(anonymous_1)",
        "decl": {
          "start": { "line": 21, "column": 19 },
          "end": { "line": 21, "column": 20 }
        },
        "loc": {
          "start": { "line": 21, "column": 27 },
          "end": { "line": 23, "column": 1 }
        },
        "line": 21
      },
      "2": {
        "name": "(anonymous_2)",
        "decl": {
          "start": { "line": 25, "column": 30 },
          "end": { "line": 25, "column": 31 }
        },
        "loc": {
          "start": { "line": 25, "column": 46 },
          "end": { "line": 27, "column": 1 }
        },
        "line": 25
      },
      "3": {
        "name": "(anonymous_3)",
        "decl": {
          "start": { "line": 29, "column": 31 },
          "end": { "line": 29, "column": 32 }
        },
        "loc": {
          "start": { "line": 29, "column": 39 },
          "end": { "line": 31, "column": 1 }
        },
        "line": 29
      },
      "4": {
        "name": "(anonymous_4)",
        "decl": {
          "start": { "line": 33, "column": 30 },
          "end": { "line": 33, "column": 31 }
        },
        "loc": {
          "start": { "line": 33, "column": 44 },
          "end": { "line": 35, "column": 1 }
        },
        "line": 33
      },
      "5": {
        "name": "(anonymous_5)",
        "decl": {
          "start": { "line": 37, "column": 27 },
          "end": { "line": 37, "column": 28 }
        },
        "loc": {
          "start": { "line": 37, "column": 43 },
          "end": { "line": 39, "column": 1 }
        },
        "line": 37
      },
      "6": {
        "name": "(anonymous_6)",
        "decl": {
          "start": { "line": 41, "column": 27 },
          "end": { "line": 41, "column": 28 }
        },
        "loc": {
          "start": { "line": 41, "column": 33 },
          "end": { "line": 43, "column": 1 }
        },
        "line": 41
      },
      "7": {
        "name": "(anonymous_7)",
        "decl": {
          "start": { "line": 45, "column": 30 },
          "end": { "line": 45, "column": 31 }
        },
        "loc": {
          "start": { "line": 45, "column": 36 },
          "end": { "line": 47, "column": 1 }
        },
        "line": 45
      },
      "8": {
        "name": "(anonymous_8)",
        "decl": {
          "start": { "line": 49, "column": 40 },
          "end": { "line": 49, "column": 41 }
        },
        "loc": {
          "start": { "line": 49, "column": 46 },
          "end": { "line": 51, "column": 1 }
        },
        "line": 49
      },
      "9": {
        "name": "(anonymous_9)",
        "decl": {
          "start": { "line": 53, "column": 28 },
          "end": { "line": 53, "column": 29 }
        },
        "loc": {
          "start": { "line": 53, "column": 36 },
          "end": { "line": 55, "column": 1 }
        },
        "line": 53
      },
      "10": {
        "name": "(anonymous_10)",
        "decl": {
          "start": { "line": 57, "column": 37 },
          "end": { "line": 57, "column": 38 }
        },
        "loc": {
          "start": { "line": 57, "column": 47 },
          "end": { "line": 59, "column": 1 }
        },
        "line": 57
      },
      "11": {
        "name": "(anonymous_11)",
        "decl": {
          "start": { "line": 61, "column": 31 },
          "end": { "line": 61, "column": 32 }
        },
        "loc": {
          "start": { "line": 61, "column": 45 },
          "end": { "line": 63, "column": 1 }
        },
        "line": 61
      },
      "12": {
        "name": "(anonymous_12)",
        "decl": {
          "start": { "line": 65, "column": 32 },
          "end": { "line": 65, "column": 33 }
        },
        "loc": {
          "start": { "line": 65, "column": 38 },
          "end": { "line": 67, "column": 1 }
        },
        "line": 65
      },
      "13": {
        "name": "(anonymous_13)",
        "decl": {
          "start": { "line": 69, "column": 35 },
          "end": { "line": 69, "column": 36 }
        },
        "loc": {
          "start": { "line": 69, "column": 43 },
          "end": { "line": 71, "column": 1 }
        },
        "line": 69
      },
      "14": {
        "name": "(anonymous_14)",
        "decl": {
          "start": { "line": 73, "column": 32 },
          "end": { "line": 73, "column": 33 }
        },
        "loc": {
          "start": { "line": 73, "column": 42 },
          "end": { "line": 75, "column": 1 }
        },
        "line": 73
      },
      "15": {
        "name": "(anonymous_15)",
        "decl": {
          "start": { "line": 77, "column": 31 },
          "end": { "line": 77, "column": 32 }
        },
        "loc": {
          "start": { "line": 77, "column": 45 },
          "end": { "line": 79, "column": 1 }
        },
        "line": 77
      },
      "16": {
        "name": "(anonymous_16)",
        "decl": {
          "start": { "line": 81, "column": 48 },
          "end": { "line": 81, "column": 49 }
        },
        "loc": {
          "start": { "line": 81, "column": 58 },
          "end": { "line": 86, "column": 1 }
        },
        "line": 81
      },
      "17": {
        "name": "(anonymous_17)",
        "decl": {
          "start": { "line": 88, "column": 40 },
          "end": { "line": 88, "column": 41 }
        },
        "loc": {
          "start": { "line": 88, "column": 63 },
          "end": { "line": 93, "column": 1 }
        },
        "line": 88
      }
    },
    "branchMap": {
      "0": {
        "loc": {
          "start": { "line": 12, "column": 32 },
          "end": { "line": 12, "column": 52 }
        },
        "type": "default-arg",
        "locations": [
          {
            "start": { "line": 12, "column": 40 },
            "end": { "line": 12, "column": 52 }
          }
        ],
        "line": 12
      },
      "1": {
        "loc": {
          "start": { "line": 13, "column": 2 },
          "end": { "line": 16, "column": 3 }
        },
        "type": "switch",
        "locations": [
          {
            "start": { "line": 14, "column": 4 },
            "end": { "line": 15, "column": 19 }
          }
        ],
        "line": 13
      }
    },
    "s": {
      "0": 3,
      "1": 3,
      "2": 10,
      "3": 10,
      "4": 3,
      "5": 0,
      "6": 3,
      "7": 0,
      "8": 3,
      "9": 0,
      "10": 3,
      "11": 0,
      "12": 3,
      "13": 0,
      "14": 3,
      "15": 0,
      "16": 3,
      "17": 0,
      "18": 3,
      "19": 0,
      "20": 3,
      "21": 0,
      "22": 3,
      "23": 0,
      "24": 3,
      "25": 0,
      "26": 3,
      "27": 0,
      "28": 3,
      "29": 0,
      "30": 3,
      "31": 0,
      "32": 3,
      "33": 0,
      "34": 3,
      "35": 0,
      "36": 3,
      "37": 0
    },
    "f": {
      "0": 10,
      "1": 0,
      "2": 0,
      "3": 0,
      "4": 0,
      "5": 0,
      "6": 0,
      "7": 0,
      "8": 0,
      "9": 0,
      "10": 0,
      "11": 0,
      "12": 0,
      "13": 0,
      "14": 0,
      "15": 0,
      "16": 0,
      "17": 0
    },
    "b": { "0": [9], "1": [10] },
    "_coverageSchema": "1a1c01bbd47fc00a2c39e90264f33305004495a9",
    "hash": "bab6645c3fa6595aa58ab34a0620d6b57a387172"
  },
  "/Users/josh/Desktop/habit-tracker/src/store/ducks/post.js": {
    "path": "/Users/josh/Desktop/habit-tracker/src/store/ducks/post.js",
    "statementMap": {
      "0": {
        "start": { "line": 6, "column": 21 },
        "end": { "line": 6, "column": 23 }
      },
      "1": {
        "start": { "line": 10, "column": 21 },
        "end": { "line": 10, "column": 23 }
      },
      "2": {
        "start": { "line": 13, "column": 2 },
        "end": { "line": 16, "column": 3 }
      },
      "3": {
        "start": { "line": 15, "column": 6 },
        "end": { "line": 15, "column": 19 }
      },
      "4": {
        "start": { "line": 21, "column": 35 },
        "end": { "line": 23, "column": 1 }
      },
      "5": {
        "start": { "line": 22, "column": 2 },
        "end": { "line": 22, "column": 66 }
      },
      "6": {
        "start": { "line": 25, "column": 34 },
        "end": { "line": 27, "column": 1 }
      },
      "7": {
        "start": { "line": 26, "column": 2 },
        "end": { "line": 26, "column": 72 }
      },
      "8": {
        "start": { "line": 29, "column": 35 },
        "end": { "line": 31, "column": 1 }
      },
      "9": {
        "start": { "line": 30, "column": 2 },
        "end": { "line": 30, "column": 68 }
      },
      "10": {
        "start": { "line": 33, "column": 25 },
        "end": { "line": 35, "column": 1 }
      },
      "11": {
        "start": { "line": 34, "column": 2 },
        "end": { "line": 34, "column": 60 }
      },
      "12": {
        "start": { "line": 37, "column": 23 },
        "end": { "line": 39, "column": 1 }
      },
      "13": {
        "start": { "line": 38, "column": 2 },
        "end": { "line": 38, "column": 54 }
      },
      "14": {
        "start": { "line": 41, "column": 26 },
        "end": { "line": 43, "column": 1 }
      },
      "15": {
        "start": { "line": 42, "column": 2 },
        "end": { "line": 42, "column": 72 }
      },
      "16": {
        "start": { "line": 45, "column": 24 },
        "end": { "line": 47, "column": 1 }
      },
      "17": {
        "start": { "line": 46, "column": 2 },
        "end": { "line": 46, "column": 60 }
      },
      "18": {
        "start": { "line": 49, "column": 28 },
        "end": { "line": 51, "column": 1 }
      },
      "19": {
        "start": { "line": 50, "column": 2 },
        "end": { "line": 50, "column": 69 }
      },
      "20": {
        "start": { "line": 53, "column": 24 },
        "end": { "line": 55, "column": 1 }
      },
      "21": {
        "start": { "line": 54, "column": 2 },
        "end": { "line": 54, "column": 60 }
      },
      "22": {
        "start": { "line": 57, "column": 26 },
        "end": { "line": 59, "column": 1 }
      },
      "23": {
        "start": { "line": 58, "column": 2 },
        "end": { "line": 58, "column": 57 }
      },
      "24": {
        "start": { "line": 60, "column": 29 },
        "end": { "line": 62, "column": 1 }
      },
      "25": {
        "start": { "line": 61, "column": 2 },
        "end": { "line": 61, "column": 57 }
      },
      "26": {
        "start": { "line": 64, "column": 28 },
        "end": { "line": 66, "column": 1 }
      },
      "27": {
        "start": { "line": 65, "column": 2 },
        "end": { "line": 65, "column": 57 }
      },
      "28": {
        "start": { "line": 68, "column": 32 },
        "end": { "line": 70, "column": 1 }
      },
      "29": {
        "start": { "line": 69, "column": 2 },
        "end": { "line": 69, "column": 61 }
      }
    },
    "fnMap": {
      "0": {
        "name": "reducer",
        "decl": {
          "start": { "line": 12, "column": 24 },
          "end": { "line": 12, "column": 31 }
        },
        "loc": {
          "start": { "line": 12, "column": 62 },
          "end": { "line": 17, "column": 1 }
        },
        "line": 12
      },
      "1": {
        "name": "(anonymous_1)",
        "decl": {
          "start": { "line": 21, "column": 35 },
          "end": { "line": 21, "column": 36 }
        },
        "loc": {
          "start": { "line": 21, "column": 45 },
          "end": { "line": 23, "column": 1 }
        },
        "line": 21
      },
      "2": {
        "name": "(anonymous_2)",
        "decl": {
          "start": { "line": 25, "column": 34 },
          "end": { "line": 25, "column": 35 }
        },
        "loc": {
          "start": { "line": 25, "column": 44 },
          "end": { "line": 27, "column": 1 }
        },
        "line": 25
      },
      "3": {
        "name": "(anonymous_3)",
        "decl": {
          "start": { "line": 29, "column": 35 },
          "end": { "line": 29, "column": 36 }
        },
        "loc": {
          "start": { "line": 29, "column": 45 },
          "end": { "line": 31, "column": 1 }
        },
        "line": 29
      },
      "4": {
        "name": "(anonymous_4)",
        "decl": {
          "start": { "line": 33, "column": 25 },
          "end": { "line": 33, "column": 26 }
        },
        "loc": {
          "start": { "line": 33, "column": 35 },
          "end": { "line": 35, "column": 1 }
        },
        "line": 33
      },
      "5": {
        "name": "(anonymous_5)",
        "decl": {
          "start": { "line": 37, "column": 23 },
          "end": { "line": 37, "column": 24 }
        },
        "loc": {
          "start": { "line": 37, "column": 31 },
          "end": { "line": 39, "column": 1 }
        },
        "line": 37
      },
      "6": {
        "name": "(anonymous_6)",
        "decl": {
          "start": { "line": 41, "column": 26 },
          "end": { "line": 41, "column": 27 }
        },
        "loc": {
          "start": { "line": 41, "column": 40 },
          "end": { "line": 43, "column": 1 }
        },
        "line": 41
      },
      "7": {
        "name": "(anonymous_7)",
        "decl": {
          "start": { "line": 45, "column": 24 },
          "end": { "line": 45, "column": 25 }
        },
        "loc": {
          "start": { "line": 45, "column": 32 },
          "end": { "line": 47, "column": 1 }
        },
        "line": 45
      },
      "8": {
        "name": "(anonymous_8)",
        "decl": {
          "start": { "line": 49, "column": 28 },
          "end": { "line": 49, "column": 29 }
        },
        "loc": {
          "start": { "line": 49, "column": 42 },
          "end": { "line": 51, "column": 1 }
        },
        "line": 49
      },
      "9": {
        "name": "(anonymous_9)",
        "decl": {
          "start": { "line": 53, "column": 24 },
          "end": { "line": 53, "column": 25 }
        },
        "loc": {
          "start": { "line": 53, "column": 32 },
          "end": { "line": 55, "column": 1 }
        },
        "line": 53
      },
      "10": {
        "name": "(anonymous_10)",
        "decl": {
          "start": { "line": 57, "column": 26 },
          "end": { "line": 57, "column": 27 }
        },
        "loc": {
          "start": { "line": 57, "column": 34 },
          "end": { "line": 59, "column": 1 }
        },
        "line": 57
      },
      "11": {
        "name": "(anonymous_11)",
        "decl": {
          "start": { "line": 60, "column": 29 },
          "end": { "line": 60, "column": 30 }
        },
        "loc": {
          "start": { "line": 60, "column": 37 },
          "end": { "line": 62, "column": 1 }
        },
        "line": 60
      },
      "12": {
        "name": "(anonymous_12)",
        "decl": {
          "start": { "line": 64, "column": 28 },
          "end": { "line": 64, "column": 29 }
        },
        "loc": {
          "start": { "line": 64, "column": 34 },
          "end": { "line": 66, "column": 1 }
        },
        "line": 64
      },
      "13": {
        "name": "(anonymous_13)",
        "decl": {
          "start": { "line": 68, "column": 32 },
          "end": { "line": 68, "column": 33 }
        },
        "loc": {
          "start": { "line": 68, "column": 42 },
          "end": { "line": 70, "column": 1 }
        },
        "line": 68
      }
    },
    "branchMap": {
      "0": {
        "loc": {
          "start": { "line": 12, "column": 32 },
          "end": { "line": 12, "column": 52 }
        },
        "type": "default-arg",
        "locations": [
          {
            "start": { "line": 12, "column": 40 },
            "end": { "line": 12, "column": 52 }
          }
        ],
        "line": 12
      },
      "1": {
        "loc": {
          "start": { "line": 13, "column": 2 },
          "end": { "line": 16, "column": 3 }
        },
        "type": "switch",
        "locations": [
          {
            "start": { "line": 14, "column": 4 },
            "end": { "line": 15, "column": 19 }
          }
        ],
        "line": 13
      }
    },
    "s": {
      "0": 1,
      "1": 1,
      "2": 0,
      "3": 0,
      "4": 1,
      "5": 0,
      "6": 1,
      "7": 0,
      "8": 1,
      "9": 0,
      "10": 1,
      "11": 0,
      "12": 1,
      "13": 0,
      "14": 1,
      "15": 0,
      "16": 1,
      "17": 0,
      "18": 1,
      "19": 0,
      "20": 1,
      "21": 0,
      "22": 1,
      "23": 0,
      "24": 1,
      "25": 0,
      "26": 1,
      "27": 0,
      "28": 1,
      "29": 0
    },
    "f": {
      "0": 0,
      "1": 0,
      "2": 0,
      "3": 0,
      "4": 0,
      "5": 0,
      "6": 0,
      "7": 0,
      "8": 0,
      "9": 0,
      "10": 0,
      "11": 0,
      "12": 0,
      "13": 0
    },
    "b": { "0": [0], "1": [0] },
    "_coverageSchema": "1a1c01bbd47fc00a2c39e90264f33305004495a9",
    "hash": "df66d5ac08f8ad40bbaa37747cdfcaa7b3c08110"
  },
  "/Users/josh/Desktop/habit-tracker/src/store/ducks/user.js": {
    "path": "/Users/josh/Desktop/habit-tracker/src/store/ducks/user.js",
    "statementMap": {
      "0": {
        "start": { "line": 12, "column": 21 },
        "end": { "line": 16, "column": 1 }
      },
      "1": {
        "start": { "line": 20, "column": 21 },
        "end": { "line": 20, "column": 23 }
      },
      "2": {
        "start": { "line": 23, "column": 2 },
        "end": { "line": 35, "column": 3 }
      },
      "3": {
        "start": { "line": 25, "column": 24 },
        "end": { "line": 25, "column": 38 }
      },
      "4": {
        "start": { "line": 26, "column": 6 },
        "end": { "line": 26, "column": 44 }
      },
      "5": {
        "start": { "line": 28, "column": 6 },
        "end": { "line": 30, "column": 8 }
      },
      "6": {
        "start": { "line": 34, "column": 6 },
        "end": { "line": 34, "column": 19 }
      },
      "7": {
        "start": { "line": 41, "column": 2 },
        "end": { "line": 44, "column": 4 }
      }
    },
    "fnMap": {
      "0": {
        "name": "users",
        "decl": {
          "start": { "line": 22, "column": 24 },
          "end": { "line": 22, "column": 29 }
        },
        "loc": {
          "start": { "line": 22, "column": 60 },
          "end": { "line": 36, "column": 1 }
        },
        "line": 22
      },
      "1": {
        "name": "userLogin",
        "decl": {
          "start": { "line": 40, "column": 16 },
          "end": { "line": 40, "column": 25 }
        },
        "loc": {
          "start": { "line": 40, "column": 35 },
          "end": { "line": 45, "column": 1 }
        },
        "line": 40
      }
    },
    "branchMap": {
      "0": {
        "loc": {
          "start": { "line": 22, "column": 30 },
          "end": { "line": 22, "column": 50 }
        },
        "type": "default-arg",
        "locations": [
          {
            "start": { "line": 22, "column": 38 },
            "end": { "line": 22, "column": 50 }
          }
        ],
        "line": 22
      },
      "1": {
        "loc": {
          "start": { "line": 23, "column": 2 },
          "end": { "line": 35, "column": 3 }
        },
        "type": "switch",
        "locations": [
          {
            "start": { "line": 24, "column": 4 },
            "end": { "line": 26, "column": 44 }
          },
          {
            "start": { "line": 27, "column": 4 },
            "end": { "line": 30, "column": 8 }
          },
          {
            "start": { "line": 33, "column": 4 },
            "end": { "line": 34, "column": 19 }
          }
        ],
        "line": 23
      }
    },
    "s": { "0": 3, "1": 3, "2": 10, "3": 1, "4": 1, "5": 0, "6": 9, "7": 1 },
    "f": { "0": 10, "1": 1 },
    "b": { "0": [9], "1": [1, 0, 9] },
    "_coverageSchema": "1a1c01bbd47fc00a2c39e90264f33305004495a9",
    "hash": "dda727aeae6b1b53257ef29906a3ec4818a1a614"
  }
}
