TN:
SF:assets/icons/cog.png
FNF:0
FNH:0
DA:1,1
LF:1
LH:1
BRF:0
BRH:0
end_of_record
TN:
SF:assets/icons/edit.png
FNF:0
FNH:0
DA:1,1
LF:1
LH:1
BRF:0
BRH:0
end_of_record
TN:
SF:assets/icons/share-profile.png
FNF:0
FNH:0
DA:1,1
LF:1
LH:1
BRF:0
BRH:0
end_of_record
TN:
SF:assets/images/no-profile.png
FNF:0
FNH:0
DA:1,1
LF:1
LH:1
BRF:0
BRH:0
end_of_record
TN:
SF:assets/styles/Colors.js
FNF:0
FNH:0
LF:0
LH:0
BRF:0
BRH:0
end_of_record
TN:
SF:assets/styles/Default.js
FNF:0
FNH:0
LF:0
LH:0
BRF:0
BRH:0
end_of_record
TN:
SF:src/components/CardPost.js
FN:19,(anonymous_0)
FN:23,(anonymous_1)
FN:26,(anonymous_2)
FN:33,(anonymous_3)
FN:51,(anonymous_4)
FN:100,(anonymous_5)
FN:114,(anonymous_6)
FN:163,(anonymous_7)
FN:172,(anonymous_8)
FN:176,(anonymous_9)
FN:185,(anonymous_10)
FN:194,(anonymous_11)
FNF:12
FNH:0
FNDA:0,(anonymous_0)
FNDA:0,(anonymous_1)
FNDA:0,(anonymous_2)
FNDA:0,(anonymous_3)
FNDA:0,(anonymous_4)
FNDA:0,(anonymous_5)
FNDA:0,(anonymous_6)
FNDA:0,(anonymous_7)
FNDA:0,(anonymous_8)
FNDA:0,(anonymous_9)
FNDA:0,(anonymous_10)
FNDA:0,(anonymous_11)
DA:19,1
DA:20,0
DA:21,0
DA:22,0
DA:23,0
DA:24,0
DA:26,0
DA:27,0
DA:28,0
DA:29,0
DA:33,0
DA:34,0
DA:35,0
DA:39,0
DA:42,0
DA:51,0
DA:52,0
DA:100,0
DA:101,0
DA:114,0
DA:115,0
DA:163,0
DA:164,0
DA:165,0
DA:166,0
DA:168,0
DA:172,0
DA:173,0
DA:176,0
DA:177,0
DA:178,0
DA:179,0
DA:181,0
DA:185,0
DA:186,0
DA:187,0
DA:188,0
DA:189,0
DA:191,0
DA:194,0
DA:195,0
DA:198,0
DA:210,1
LF:43
LH:2
BRDA:27,0,0,0
BRDA:27,0,1,0
BRDA:27,1,0,0
BRDA:27,1,1,0
BRDA:34,2,0,0
BRDA:34,2,1,0
BRDA:59,3,0,0
BRDA:59,3,1,0
BRDA:76,4,0,0
BRDA:76,4,1,0
BRDA:79,5,0,0
BRDA:79,5,1,0
BRDA:82,6,0,0
BRDA:82,6,1,0
BRDA:87,7,0,0
BRDA:87,7,1,0
BRDA:128,8,0,0
BRDA:128,8,1,0
BRDA:135,9,0,0
BRDA:135,9,1,0
BRDA:144,10,0,0
BRDA:144,10,1,0
BRDA:152,11,0,0
BRDA:152,11,1,0
BRDA:186,12,0,0
BRDA:186,12,1,0
BRF:26
BRH:0
end_of_record
TN:
SF:src/components/Fetching.js
FN:5,(anonymous_0)
FNF:1
FNH:1
FNDA:1,(anonymous_0)
DA:5,1
DA:6,1
DA:19,1
LF:3
LH:3
BRDA:8,0,0,0
BRDA:8,0,1,1
BRF:2
BRH:1
end_of_record
TN:
SF:src/components/Header.js
FN:15,(anonymous_0)
FN:16,(anonymous_1)
FN:28,(anonymous_2)
FN:49,(anonymous_3)
FN:58,(anonymous_4)
FN:65,(anonymous_5)
FN:76,(anonymous_6)
FNF:7
FNH:2
FNDA:3,(anonymous_0)
FNDA:5,(anonymous_1)
FNDA:0,(anonymous_2)
FNDA:0,(anonymous_3)
FNDA:0,(anonymous_4)
FNDA:0,(anonymous_5)
FNDA:0,(anonymous_6)
DA:15,2
DA:16,5
DA:18,3
DA:28,0
DA:49,0
DA:58,0
DA:65,0
DA:77,0
DA:92,2
LF:9
LH:4
BRDA:22,0,0,0
BRDA:22,0,1,3
BRDA:23,1,0,3
BRDA:23,1,1,3
BRDA:25,2,0,0
BRDA:25,2,1,3
BRDA:38,3,0,0
BRDA:38,3,1,3
BRDA:46,4,0,3
BRDA:46,4,1,0
BRDA:48,5,0,0
BRDA:48,5,1,3
BRDA:56,6,0,0
BRDA:56,6,1,3
BRDA:57,7,0,0
BRDA:57,7,1,0
BRDA:74,8,0,0
BRDA:74,8,1,3
BRDA:86,9,0,0
BRDA:86,9,1,3
BRF:20
BRH:10
end_of_record
TN:
SF:src/constants/Constants.js
FNF:0
FNH:0
DA:1,3
DA:4,3
DA:6,3
DA:8,3
DA:10,3
DA:11,3
DA:13,0
DA:16,3
LF:8
LH:7
BRDA:10,0,0,3
BRDA:10,0,1,0
BRF:2
BRH:1
end_of_record
TN:
SF:src/screens/ChatbotScreen.js
FN:16,(anonymous_0)
FN:21,(anonymous_1)
FN:81,(anonymous_2)
FN:89,(anonymous_3)
FN:91,(anonymous_4)
FNF:5
FNH:4
FNDA:12,(anonymous_0)
FNDA:3,(anonymous_1)
FNDA:10,(anonymous_2)
FNDA:14,(anonymous_3)
FNDA:0,(anonymous_4)
DA:12,1
DA:13,1
DA:14,1
DA:16,1
DA:17,12
DA:18,12
DA:19,12
DA:21,12
DA:22,3
DA:23,2
DA:24,2
DA:26,2
DA:27,2
DA:29,2
DA:53,2
DA:54,1
DA:55,1
DA:56,1
DA:58,1
DA:59,1
DA:68,2
DA:71,12
DA:82,10
DA:89,14
DA:92,0
DA:108,1
LF:26
LH:25
BRDA:22,0,0,1
BRDA:22,0,1,2
BRDA:74,1,0,12
BRDA:74,1,1,0
BRDA:75,2,0,12
BRDA:75,2,1,0
BRDA:84,3,0,6
BRDA:84,3,1,4
BRF:8
BRH:6
end_of_record
TN:
SF:src/screens/ProfileScreen.js
FN:24,Account
FN:35,(anonymous_1)
FN:44,getProfile
FN:70,getPostsCount
FN:94,getFollowingCount
FN:118,getFollowerCount
FN:142,(anonymous_6)
FN:146,(anonymous_7)
FN:150,(anonymous_8)
FN:154,(anonymous_9)
FN:168,(anonymous_10)
FN:178,(anonymous_11)
FN:188,(anonymous_12)
FN:225,updateProfile
FN:300,(anonymous_14)
FN:312,(anonymous_15)
FNF:16
FNH:8
FNDA:11,Account
FNDA:6,(anonymous_1)
FNDA:6,getProfile
FNDA:6,getPostsCount
FNDA:6,getFollowingCount
FNDA:6,getFollowerCount
FNDA:0,(anonymous_6)
FNDA:0,(anonymous_7)
FNDA:0,(anonymous_8)
FNDA:0,(anonymous_9)
FNDA:0,(anonymous_10)
FNDA:0,(anonymous_11)
FNDA:0,(anonymous_12)
FNDA:1,updateProfile
FNDA:0,(anonymous_14)
FNDA:1,(anonymous_15)
DA:25,11
DA:26,11
DA:27,11
DA:28,11
DA:29,11
DA:30,11
DA:31,11
DA:32,11
DA:33,11
DA:35,11
DA:36,6
DA:37,6
DA:38,6
DA:39,6
DA:40,6
DA:45,6
DA:46,6
DA:47,6
DA:49,6
DA:54,0
DA:55,0
DA:58,0
DA:59,0
DA:60,0
DA:61,0
DA:64,6
DA:66,6
DA:71,6
DA:72,6
DA:73,6
DA:75,6
DA:80,0
DA:81,0
DA:84,0
DA:85,0
DA:88,6
DA:90,6
DA:95,6
DA:96,6
DA:97,6
DA:99,6
DA:104,0
DA:105,0
DA:108,0
DA:109,0
DA:112,6
DA:114,6
DA:119,6
DA:120,6
DA:121,6
DA:123,6
DA:128,0
DA:129,0
DA:132,0
DA:133,0
DA:136,6
DA:138,6
DA:142,11
DA:143,0
DA:146,11
DA:147,0
DA:150,11
DA:151,0
DA:154,11
DA:155,0
DA:162,0
DA:163,0
DA:164,0
DA:168,11
DA:169,0
DA:170,0
DA:171,0
DA:172,0
DA:173,0
DA:175,0
DA:178,11
DA:179,0
DA:180,0
DA:181,0
DA:182,0
DA:184,0
DA:185,0
DA:187,0
DA:188,0
DA:189,0
DA:190,0
DA:193,0
DA:201,0
DA:202,0
DA:203,0
DA:204,0
DA:205,0
DA:208,0
DA:211,0
DA:212,0
DA:214,0
DA:216,0
DA:218,0
DA:219,0
DA:221,0
DA:226,1
DA:227,1
DA:228,1
DA:230,1
DA:237,1
DA:241,1
DA:242,0
DA:245,1
DA:247,0
DA:249,1
DA:253,11
DA:300,0
DA:312,1
DA:368,1
DA:512,1
LF:115
LH:57
BRDA:36,0,0,6
BRDA:36,0,1,0
BRDA:47,1,0,0
BRDA:47,1,1,6
BRDA:54,2,0,0
BRDA:54,2,1,0
BRDA:54,3,0,0
BRDA:54,3,1,0
BRDA:58,4,0,0
BRDA:58,4,1,0
BRDA:73,5,0,0
BRDA:73,5,1,6
BRDA:80,6,0,0
BRDA:80,6,1,0
BRDA:80,7,0,0
BRDA:80,7,1,0
BRDA:84,8,0,0
BRDA:84,8,1,0
BRDA:97,9,0,0
BRDA:97,9,1,6
BRDA:104,10,0,0
BRDA:104,10,1,0
BRDA:104,11,0,0
BRDA:104,11,1,0
BRDA:108,12,0,0
BRDA:108,12,1,0
BRDA:121,13,0,0
BRDA:121,13,1,6
BRDA:128,14,0,0
BRDA:128,14,1,0
BRDA:128,15,0,0
BRDA:128,15,1,0
BRDA:132,16,0,0
BRDA:132,16,1,0
BRDA:162,17,0,0
BRDA:162,17,1,0
BRDA:201,18,0,0
BRDA:201,18,1,0
BRDA:228,19,0,0
BRDA:228,19,1,1
BRDA:241,20,0,0
BRDA:241,20,1,1
BRDA:260,21,0,0
BRDA:260,21,1,11
BRDA:270,22,0,11
BRDA:270,22,1,4
BRDA:335,23,0,11
BRDA:335,23,1,4
BRDA:346,24,0,11
BRDA:346,24,1,6
BRDA:356,25,0,1
BRDA:356,25,1,10
BRF:52
BRH:16
end_of_record
TN:
SF:src/screens/SettingsScreen.js
FN:9,SettingsScreen
FN:12,deleteUserAndData
FN:33,downloadUserData
FN:66,(anonymous_3)
FNF:4
FNH:4
FNDA:5,SettingsScreen
FNDA:2,deleteUserAndData
FNDA:2,downloadUserData
FNDA:1,(anonymous_3)
DA:10,5
DA:13,2
DA:14,2
DA:16,2
DA:20,1
DA:21,0
DA:22,0
DA:25,1
DA:26,1
DA:28,1
DA:29,1
DA:34,2
DA:35,2
DA:37,2
DA:41,1
DA:42,0
DA:43,0
DA:44,0
DA:47,1
DA:48,1
DA:50,1
DA:54,1
DA:55,1
DA:57,1
DA:58,1
DA:62,5
DA:67,1
DA:68,1
DA:88,1
LF:29
LH:24
BRDA:14,0,0,0
BRDA:14,0,1,2
BRDA:20,1,0,0
BRDA:20,1,1,1
BRDA:35,2,0,0
BRDA:35,2,1,2
BRDA:41,3,0,0
BRDA:41,3,1,1
BRF:8
BRH:4
end_of_record
TN:
SF:src/screens/SignupScreen.js
FN:13,(anonymous_0)
FN:21,Auth
FN:26,signInWithEmail
FN:42,signUpWithEmail
FNF:4
FNH:3
FNDA:0,(anonymous_0)
FNDA:16,Auth
FNDA:2,signInWithEmail
FNDA:1,signUpWithEmail
DA:13,1
DA:14,0
DA:15,0
DA:17,0
DA:22,16
DA:23,16
DA:24,16
DA:27,2
DA:28,2
DA:33,2
DA:34,2
DA:35,1
DA:36,1
DA:37,1
DA:38,1
DA:43,1
DA:44,1
DA:49,1
DA:50,0
DA:51,0
DA:53,1
DA:57,1
DA:61,16
DA:90,1
DA:105,1
LF:25
LH:20
BRDA:14,0,0,0
BRDA:14,0,1,0
BRDA:34,1,0,1
BRDA:34,1,1,1
BRDA:36,2,0,1
BRDA:36,2,1,0
BRDA:49,3,0,0
BRDA:49,3,1,1
BRF:8
BRH:4
end_of_record
TN:
SF:src/screens/habits/Habits.js
FN:20,(anonymous_0)
FN:27,(anonymous_1)
FN:32,(anonymous_2)
FN:49,(anonymous_3)
FN:62,(anonymous_4)
FN:63,(anonymous_5)
FN:83,(anonymous_6)
FN:87,(anonymous_7)
FN:89,(anonymous_8)
FN:110,(anonymous_9)
FNF:10
FNH:1
FNDA:1,(anonymous_0)
FNDA:0,(anonymous_1)
FNDA:0,(anonymous_2)
FNDA:0,(anonymous_3)
FNDA:0,(anonymous_4)
FNDA:0,(anonymous_5)
FNDA:0,(anonymous_6)
FNDA:0,(anonymous_7)
FNDA:0,(anonymous_8)
FNDA:0,(anonymous_9)
DA:20,1
DA:21,1
DA:22,1
DA:23,1
DA:24,1
DA:26,1
DA:28,0
DA:32,1
DA:33,0
DA:34,0
DA:37,0
DA:42,0
DA:44,0
DA:45,0
DA:48,0
DA:49,0
DA:50,0
DA:55,0
DA:57,0
DA:58,0
DA:61,0
DA:62,0
DA:63,0
DA:64,0
DA:71,0
DA:72,0
DA:76,0
DA:79,0
DA:83,1
DA:84,0
DA:87,1
DA:88,0
DA:89,0
DA:102,1
DA:110,0
DA:128,1
LF:36
LH:11
BRDA:44,0,0,0
BRDA:44,0,1,0
BRDA:48,1,0,0
BRDA:48,1,1,0
BRDA:57,2,0,0
BRDA:57,2,1,0
BRDA:61,3,0,0
BRDA:61,3,1,0
BRDA:91,4,0,0
BRDA:91,4,1,0
BRDA:95,5,0,0
BRDA:95,5,1,0
BRDA:97,6,0,0
BRDA:97,6,1,0
BRDA:105,7,0,1
BRDA:105,7,1,0
BRF:16
BRH:1
end_of_record
TN:
SF:src/screens/timeline/Timeline.js
FN:18,(anonymous_0)
FN:27,(anonymous_1)
FN:31,(anonymous_2)
FN:50,(anonymous_3)
FN:77,(anonymous_4)
FN:87,(anonymous_5)
FN:97,(anonymous_6)
FN:107,(anonymous_7)
FN:109,(anonymous_8)
FN:111,(anonymous_9)
FN:112,(anonymous_10)
FN:126,(anonymous_11)
FN:129,(anonymous_12)
FN:139,(anonymous_13)
FN:144,(anonymous_14)
FN:163,(anonymous_15)
FN:166,(anonymous_16)
FN:167,(anonymous_17)
FN:174,(anonymous_18)
FN:179,(anonymous_19)
FN:190,(anonymous_20)
FN:202,(anonymous_21)
FNF:22
FNH:5
FNDA:2,(anonymous_0)
FNDA:1,(anonymous_1)
FNDA:1,(anonymous_2)
FNDA:0,(anonymous_3)
FNDA:0,(anonymous_4)
FNDA:0,(anonymous_5)
FNDA:0,(anonymous_6)
FNDA:0,(anonymous_7)
FNDA:0,(anonymous_8)
FNDA:0,(anonymous_9)
FNDA:0,(anonymous_10)
FNDA:0,(anonymous_11)
FNDA:0,(anonymous_12)
FNDA:0,(anonymous_13)
FNDA:0,(anonymous_14)
FNDA:0,(anonymous_15)
FNDA:0,(anonymous_16)
FNDA:0,(anonymous_17)
FNDA:2,(anonymous_18)
FNDA:2,(anonymous_19)
FNDA:0,(anonymous_20)
FNDA:0,(anonymous_21)
DA:18,1
DA:19,2
DA:20,2
DA:21,2
DA:22,2
DA:23,2
DA:24,2
DA:25,2
DA:27,2
DA:28,1
DA:31,2
DA:32,1
DA:33,1
DA:34,1
DA:35,1
DA:37,0
DA:40,1
DA:45,0
DA:46,0
DA:49,0
DA:50,0
DA:53,0
DA:54,0
DA:55,0
DA:56,0
DA:57,0
DA:58,0
DA:61,0
DA:68,0
DA:69,0
DA:72,0
DA:73,0
DA:74,0
DA:77,0
DA:78,0
DA:83,0
DA:84,0
DA:87,0
DA:88,0
DA:93,0
DA:94,0
DA:97,0
DA:98,0
DA:103,0
DA:104,0
DA:107,0
DA:108,0
DA:109,0
DA:111,0
DA:112,0
DA:114,0
DA:123,0
DA:124,0
DA:126,0
DA:129,0
DA:130,0
DA:132,1
DA:134,1
DA:135,1
DA:139,2
DA:140,0
DA:141,0
DA:144,2
DA:145,0
DA:147,0
DA:174,2
DA:175,2
DA:176,1
DA:179,2
DA:180,2
DA:185,2
DA:190,0
DA:203,0
DA:204,0
DA:213,1
LF:75
LH:28
BRDA:31,0,0,0
BRDA:33,1,0,1
BRDA:33,1,1,0
BRDA:45,2,0,0
BRDA:45,2,1,0
BRDA:53,3,0,0
BRDA:53,3,1,0
BRDA:68,4,0,0
BRDA:68,4,1,0
BRDA:72,5,0,0
BRDA:72,5,1,0
BRDA:83,6,0,0
BRDA:83,6,1,0
BRDA:93,7,0,0
BRDA:93,7,1,0
BRDA:103,8,0,0
BRDA:103,8,1,0
BRDA:118,9,0,0
BRDA:118,9,1,0
BRDA:119,10,0,0
BRDA:119,10,1,0
BRDA:123,11,0,0
BRDA:123,11,1,0
BRDA:175,12,0,1
BRDA:175,12,1,1
BRDA:203,13,0,0
BRDA:203,13,1,0
BRDA:203,14,0,0
BRDA:203,14,1,0
BRF:29
BRH:3
end_of_record
TN:
SF:src/store/storeConfig.js
FNF:0
FNH:0
DA:19,3
DA:24,3
LF:2
LH:2
BRF:0
BRH:0
end_of_record
TN:
SF:src/store/ducks/habit.js
FN:12,reducer
FN:21,(anonymous_1)
FN:25,(anonymous_2)
FN:29,(anonymous_3)
FN:33,(anonymous_4)
FN:37,(anonymous_5)
FN:41,(anonymous_6)
FN:45,(anonymous_7)
FN:49,(anonymous_8)
FN:53,(anonymous_9)
FN:57,(anonymous_10)
FN:61,(anonymous_11)
FN:65,(anonymous_12)
FN:69,(anonymous_13)
FN:73,(anonymous_14)
FN:77,(anonymous_15)
FN:81,(anonymous_16)
FN:88,(anonymous_17)
FNF:18
FNH:1
FNDA:10,reducer
FNDA:0,(anonymous_1)
FNDA:0,(anonymous_2)
FNDA:0,(anonymous_3)
FNDA:0,(anonymous_4)
FNDA:0,(anonymous_5)
FNDA:0,(anonymous_6)
FNDA:0,(anonymous_7)
FNDA:0,(anonymous_8)
FNDA:0,(anonymous_9)
FNDA:0,(anonymous_10)
FNDA:0,(anonymous_11)
FNDA:0,(anonymous_12)
FNDA:0,(anonymous_13)
FNDA:0,(anonymous_14)
FNDA:0,(anonymous_15)
FNDA:0,(anonymous_16)
FNDA:0,(anonymous_17)
DA:6,3
DA:10,3
DA:13,10
DA:15,10
DA:21,3
DA:22,0
DA:25,3
DA:26,0
DA:29,3
DA:30,0
DA:33,3
DA:34,0
DA:37,3
DA:38,0
DA:41,3
DA:42,0
DA:45,3
DA:46,0
DA:49,3
DA:50,0
DA:53,3
DA:54,0
DA:57,3
DA:58,0
DA:61,3
DA:62,0
DA:65,3
DA:66,0
DA:69,3
DA:70,0
DA:73,3
DA:74,0
DA:77,3
DA:78,0
DA:81,3
DA:82,0
DA:88,3
DA:89,0
LF:38
LH:21
BRDA:12,0,0,9
BRDA:13,1,0,10
BRF:2
BRH:2
end_of_record
TN:
SF:src/store/ducks/post.js
FN:12,reducer
FN:21,(anonymous_1)
FN:25,(anonymous_2)
FN:29,(anonymous_3)
FN:33,(anonymous_4)
FN:37,(anonymous_5)
FN:41,(anonymous_6)
FN:45,(anonymous_7)
FN:49,(anonymous_8)
FN:53,(anonymous_9)
FN:57,(anonymous_10)
FN:60,(anonymous_11)
FN:64,(anonymous_12)
FN:68,(anonymous_13)
FNF:14
FNH:0
FNDA:0,reducer
FNDA:0,(anonymous_1)
FNDA:0,(anonymous_2)
FNDA:0,(anonymous_3)
FNDA:0,(anonymous_4)
FNDA:0,(anonymous_5)
FNDA:0,(anonymous_6)
FNDA:0,(anonymous_7)
FNDA:0,(anonymous_8)
FNDA:0,(anonymous_9)
FNDA:0,(anonymous_10)
FNDA:0,(anonymous_11)
FNDA:0,(anonymous_12)
FNDA:0,(anonymous_13)
DA:6,1
DA:10,1
DA:13,0
DA:15,0
DA:21,1
DA:22,0
DA:25,1
DA:26,0
DA:29,1
DA:30,0
DA:33,1
DA:34,0
DA:37,1
DA:38,0
DA:41,1
DA:42,0
DA:45,1
DA:46,0
DA:49,1
DA:50,0
DA:53,1
DA:54,0
DA:57,1
DA:58,0
DA:60,1
DA:61,0
DA:64,1
DA:65,0
DA:68,1
DA:69,0
LF:30
LH:15
BRDA:12,0,0,0
BRDA:13,1,0,0
BRF:2
BRH:0
end_of_record
TN:
SF:src/store/ducks/user.js
FN:22,users
FN:40,userLogin
FNF:2
FNH:2
FNDA:10,users
FNDA:1,userLogin
DA:12,3
DA:20,3
DA:23,10
DA:25,1
DA:26,1
DA:28,0
DA:34,9
DA:41,1
LF:8
LH:7
BRDA:22,0,0,9
BRDA:23,1,0,1
BRDA:23,1,1,0
BRDA:23,1,2,9
BRF:4
BRH:3
end_of_record
